Log file open, 03/21/22 13:56:28
LogWindows: Failed to load 'aqProf.dll' (GetLastError=126)
LogWindows: File 'aqProf.dll' does not exist
LogWindows: Failed to load 'VtuneApi.dll' (GetLastError=126)
LogWindows: File 'VtuneApi.dll' does not exist
LogWindows: Failed to load 'VtuneApi32e.dll' (GetLastError=126)
LogWindows: File 'VtuneApi32e.dll' does not exist
LogConsoleResponse: Display: Failed to find resolution value strings in scalability ini. Falling back to default.
LogConsoleResponse: Display: Failed to find resolution value strings in scalability ini. Falling back to default.
LogInit: Display: Running engine for game: Drone
LogPlatformFile: Not using cached read wrapper
LogTaskGraph: Started task graph with 5 named threads and 35 total threads with 3 sets of task threads.
LogStats: Stats thread started at 0.218838
LogICUInternationalization: ICU TimeZone Detection - Raw Offset: -3:00, Platform Override: ''
LogInit: Display: Loading text-based GConfig....
LogPluginManager: Mounting plugin MeshPainting
LogPluginManager: Mounting plugin XGEController
LogPluginManager: Mounting plugin Paper2D
LogPluginManager: Mounting plugin LiveLink
LogPluginManager: Mounting plugin AISupport
LogPluginManager: Mounting plugin EnvironmentQueryEditor
LogPluginManager: Mounting plugin CameraShakePreviewer
LogPluginManager: Mounting plugin GameplayCameras
LogPluginManager: Mounting plugin OodleData
LogPluginManager: Mounting plugin LightPropagationVolume
LogPluginManager: Mounting plugin OodleNetwork
LogPluginManager: Mounting plugin DatasmithContent
LogPluginManager: Mounting plugin VariantManagerContent
LogPluginManager: Mounting plugin Niagara
LogPluginManager: Mounting plugin AlembicImporter
LogPluginManager: Mounting plugin BackChannel
LogPluginManager: Mounting plugin AutomationUtils
LogPluginManager: Mounting plugin AndroidMedia
LogPluginManager: Mounting plugin TcpMessaging
LogPluginManager: Mounting plugin ChaosCloth
LogPluginManager: Mounting plugin ChaosClothEditor
LogPluginManager: Mounting plugin UdpMessaging
LogPluginManager: Mounting plugin ChaosEditor
LogPluginManager: Mounting plugin ChaosNiagara
LogPluginManager: Mounting plugin ChaosSolverPlugin
LogPluginManager: Mounting plugin CharacterAI
LogPluginManager: Mounting plugin AvfMedia
LogPluginManager: Mounting plugin ImgMedia
LogPluginManager: Mounting plugin MediaCompositing
LogPluginManager: Mounting plugin MediaPlayerEditor
LogPluginManager: Mounting plugin WebMMedia
LogPluginManager: Mounting plugin WmfMedia
LogPluginManager: Mounting plugin AnimationSharing
LogPluginManager: Mounting plugin AssetManagerEditor
LogPluginManager: Mounting plugin LuminPlatformFeatures
LogPluginManager: Mounting plugin MagicLeap
LogPluginManager: Mounting plugin CLionSourceCodeAccess
LogPluginManager: Mounting plugin CodeLiteSourceCodeAccess
LogPluginManager: Mounting plugin KDevelopSourceCodeAccess
LogPluginManager: Mounting plugin GitSourceControl
LogPluginManager: Mounting plugin NullSourceCodeAccess
LogPluginManager: Mounting plugin PixWinPlugin
LogPluginManager: Mounting plugin PerforceSourceControl
LogPluginManager: Mounting plugin PlasticSourceControl
LogPluginManager: Mounting plugin PluginUtils
LogPluginManager: Mounting plugin PropertyAccessNode
LogPluginManager: Mounting plugin RiderSourceCodeAccess
LogPluginManager: Mounting plugin SubversionSourceControl
LogPluginManager: Mounting plugin TextureFormatOodle
LogPluginManager: Mounting plugin MagicLeapMedia
LogPluginManager: Mounting plugin MagicLeapLightEstimation
LogPluginManager: Mounting plugin UObjectPlugin
LogPluginManager: Mounting plugin CryptoKeys
LogPluginManager: Mounting plugin CurveEditorTools
LogPluginManager: Mounting plugin DataValidation
LogPluginManager: Mounting plugin FacialAnimation
LogPluginManager: Mounting plugin MagicLeapPassableWorld
LogPluginManager: Mounting plugin VisualStudioCodeSourceCodeAccess
LogPluginManager: Mounting plugin VisualStudioSourceCodeAccess
LogPluginManager: Mounting plugin GameplayTagsEditor
LogPluginManager: Mounting plugin GeometryMode
LogPluginManager: Mounting plugin XCodeSourceCodeAccess
LogPluginManager: Mounting plugin MLSDK
LogPluginManager: Mounting plugin MacGraphicsSwitching
LogPluginManager: Mounting plugin MaterialAnalyzer
LogPluginManager: Mounting plugin MobileLauncherProfileWizard
LogPluginManager: Mounting plugin SpeedTreeImporter
LogPluginManager: Mounting plugin PluginBrowser
LogPluginManager: Mounting plugin GeometryCache
LogPluginManager: Mounting plugin GeometryCollectionPlugin
LogPluginManager: Mounting plugin GeometryProcessing
LogPluginManager: Mounting plugin MotoSynth
LogPluginManager: Mounting plugin OpenImageDenoise
LogPluginManager: Mounting plugin PlanarCut
LogPluginManager: Mounting plugin PlatformCrypto
LogPluginManager: Mounting plugin ProxyLODPlugin
LogPluginManager: Mounting plugin PythonScriptPlugin
LogPluginManager: Mounting plugin LevelSequenceEditor
LogPluginManager: Mounting plugin ActorSequence
LogPluginManager: Mounting plugin MatineeToLevelSequence
LogPluginManager: Mounting plugin TemplateSequence
LogPluginManager: Mounting plugin SkeletalReduction
LogPluginManager: Mounting plugin OnlineSubsystem
LogPluginManager: Mounting plugin OnlineSubsystemNull
LogPluginManager: Mounting plugin OnlineSubsystemUtils
LogPluginManager: Mounting plugin LauncherChunkInstaller
LogPluginManager: Mounting plugin ActorLayerUtilities
LogPluginManager: Mounting plugin AndroidDeviceProfileSelector
LogPluginManager: Mounting plugin AndroidMoviePlayer
LogPluginManager: Mounting plugin AppleImageUtils
LogPluginManager: Mounting plugin ArchVisCharacter
LogPluginManager: Mounting plugin AppleMoviePlayer
LogPluginManager: Mounting plugin AudioCapture
LogPluginManager: Mounting plugin AndroidPermission
LogPluginManager: Mounting plugin AssetTags
LogPluginManager: Mounting plugin AudioSynesthesia
LogPluginManager: Mounting plugin CableComponent
LogPluginManager: Mounting plugin ChunkDownloader
LogPluginManager: Mounting plugin CustomMeshComponent
LogPluginManager: Mounting plugin EditableMesh
LogPluginManager: Mounting plugin ExampleDeviceProfileSelector
LogPluginManager: Mounting plugin ScreenshotTools
LogPluginManager: Mounting plugin GoogleCloudMessaging
LogPluginManager: Mounting plugin GooglePAD
LogPluginManager: Mounting plugin IOSDeviceProfileSelector
LogPluginManager: Mounting plugin LinuxDeviceProfileSelector
LogPluginManager: Mounting plugin LocationServicesBPLibrary
LogPluginManager: Mounting plugin MobilePatchingUtils
LogPluginManager: Mounting plugin OpenXREyeTracker
LogPluginManager: Mounting plugin OpenXR
LogPluginManager: Mounting plugin Takes
LogPluginManager: Mounting plugin OpenXRHandTracking
LogPluginManager: Mounting plugin PostSplashScreen
LogPluginManager: Mounting plugin PhysXVehicles
LogPluginManager: Mounting plugin ProceduralMeshComponent
LogPluginManager: Mounting plugin PropertyAccessEditor
LogPluginManager: Mounting plugin RuntimePhysXCooking
LogPluginManager: Mounting plugin SignificanceManager
LogPluginManager: Mounting plugin SoundFields
LogPluginManager: Mounting plugin Synthesis
LogPluginManager: Mounting plugin WebMMoviePlayer
LogPluginManager: Mounting plugin WindowsMoviePlayer
LogPluginManager: Mounting plugin ContentBrowserAssetDataSource
LogPluginManager: Mounting plugin ContentBrowserFileDataSource
LogPluginManager: Mounting plugin ContentBrowserClassDataSource
LogPluginManager: Mounting plugin OnlineSubsystemGooglePlay
LogPluginManager: Mounting plugin OnlineSubsystemIOS
LogPluginManager: Mounting plugin OculusVR
LogPluginManager: Mounting plugin SteamVR
PixWinPlugin: PIX capture plugin failed to initialize! Check that the process is launched from PIX.
LogInit: Using libcurl 7.55.1-DEV
LogInit:  - built for x86_64-pc-win32
LogInit:  - supports SSL with OpenSSL/1.1.1
LogInit:  - supports HTTP deflate (compression) using libz 1.2.8
LogInit:  - other features:
LogInit:      CURL_VERSION_SSL
LogInit:      CURL_VERSION_LIBZ
LogInit:      CURL_VERSION_IPV6
LogInit:      CURL_VERSION_ASYNCHDNS
LogInit:      CURL_VERSION_LARGEFILE
LogInit:      CURL_VERSION_IDN
LogInit:  CurlRequestOptions (configurable via config and command line):
LogInit:  - bVerifyPeer = true  - Libcurl will verify peer certificate
LogInit:  - bUseHttpProxy = false  - Libcurl will NOT use HTTP proxy
LogInit:  - bDontReuseConnections = false  - Libcurl will reuse connections
LogInit:  - MaxHostConnections = 16  - Libcurl will limit the number of connections to a host
LogInit:  - LocalHostAddr = Default
LogInit:  - BufferSize = 65536
LogOnline: OSS: Creating online subsystem instance for: NULL
LogInit: WinSock: version 1.1 (2.2), MaxSocks=32767, MaxUdp=65467
LogOnline: OSS: TryLoadSubsystemAndSetDefault: Loaded subsystem for module [NULL]
LogOculusPluginWrapper: OculusPlugin initialized successfully
LogHMD: Failed initializing OVRPlugin 1.59.0
LogInit: Build: ++UE4+Release-4.27-CL-18319896
LogInit: Engine Version: 4.27.2-18319896+++UE4+Release-4.27
LogInit: Compatible Engine Version: 4.27.0-17155196+++UE4+Release-4.27
LogInit: Net CL: 17155196
LogInit: OS: Windows 10 (Release 2004) (), CPU: Intel(R) Core(TM) i7-8700 CPU @ 3.20GHz, GPU: NVIDIA GeForce GTX 1050 Ti
LogInit: Compiled (64-bit): Nov 30 2021 07:12:08
LogInit: Compiled with Visual C++: 19.24.28315.00
LogInit: Build Configuration: Development
LogInit: Branch Name: ++UE4+Release-4.27
LogInit: Command Line: 
LogInit: Base Directory: C:/Program Files (x86)/Epic Games/UE_4.27/Engine/Binaries/Win64/
LogInit: Allocator: TBB
LogInit: Installed Engine Build: 1
LogDevObjectVersion: Number of dev versions registered: 29
LogDevObjectVersion:   Dev-Blueprints (B0D832E4-1F89-4F0D-ACCF-7EB736FD4AA2): 10
LogDevObjectVersion:   Dev-Build (E1C64328-A22C-4D53-A36C-8E866417BD8C): 0
LogDevObjectVersion:   Dev-Core (375EC13C-06E4-48FB-B500-84F0262A717E): 4
LogDevObjectVersion:   Dev-Editor (E4B068ED-F494-42E9-A231-DA0B2E46BB41): 40
LogDevObjectVersion:   Dev-Framework (CFFC743F-43B0-4480-9391-14DF171D2073): 37
LogDevObjectVersion:   Dev-Mobile (B02B49B5-BB20-44E9-A304-32B752E40360): 3
LogDevObjectVersion:   Dev-Networking (A4E4105C-59A1-49B5-A7C5-40C4547EDFEE): 0
LogDevObjectVersion:   Dev-Online (39C831C9-5AE6-47DC-9A44-9C173E1C8E7C): 0
LogDevObjectVersion:   Dev-Physics (78F01B33-EBEA-4F98-B9B4-84EACCB95AA2): 14
LogDevObjectVersion:   Dev-Platform (6631380F-2D4D-43E0-8009-CF276956A95A): 0
LogDevObjectVersion:   Dev-Rendering (12F88B9F-8875-4AFC-A67C-D90C383ABD29): 45
LogDevObjectVersion:   Dev-Sequencer (7B5AE74C-D270-4C10-A958-57980B212A5A): 13
LogDevObjectVersion:   Dev-VR (D7296918-1DD6-4BDD-9DE2-64A83CC13884): 3
LogDevObjectVersion:   Dev-LoadTimes (C2A15278-BFE7-4AFE-6C17-90FF531DF755): 1
LogDevObjectVersion:   Private-Geometry (6EACA3D4-40EC-4CC1-B786-8BED09428FC5): 3
LogDevObjectVersion:   Dev-AnimPhys (29E575DD-E0A3-4627-9D10-D276232CDCEA): 17
LogDevObjectVersion:   Dev-Anim (AF43A65D-7FD3-4947-9873-3E8ED9C1BB05): 15
LogDevObjectVersion:   Dev-ReflectionCapture (6B266CEC-1EC7-4B8F-A30B-E4D90942FC07): 1
LogDevObjectVersion:   Dev-Automation (0DF73D61-A23F-47EA-B727-89E90C41499A): 1
LogDevObjectVersion:   FortniteMain (601D1886-AC64-4F84-AA16-D3DE0DEAC7D6): 47
LogDevObjectVersion:   FortniteRelease (E7086368-6B23-4C58-8439-1B7016265E91): 1
LogDevObjectVersion:   Dev-Enterprise (9DFFBCD6-494F-0158-E221-12823C92A888): 10
LogDevObjectVersion:   Dev-Niagara (F2AED0AC-9AFE-416F-8664-AA7FFA26D6FC): 1
LogDevObjectVersion:   Dev-Destruction (174F1F0B-B4C6-45A5-B13F-2EE8D0FB917D): 10
LogDevObjectVersion:   Dev-Physics-Ext (35F94A83-E258-406C-A318-09F59610247C): 41
LogDevObjectVersion:   Dev-PhysicsMaterial-Chaos (B68FC16E-8B1B-42E2-B453-215C058844FE): 1
LogDevObjectVersion:   Dev-CineCamera (B2E18506-4273-CFC2-A54E-F4BB758BBA07): 1
LogDevObjectVersion:   Dev-VirtualProduction (64F58936-FD1B-42BA-BA96-7289D5D0FA4E): 1
LogDevObjectVersion:   Dev-MediaFramework (6F0ED827-A609-4895-9C91-998D90180EA4): 2
LogInit: Presizing for max 25165824 objects, including 0 objects not considered by GC, pre-allocating 0 bytes for permanent pool.
LogConfig: Applying CVar settings from Section [/Script/Engine.StreamingSettings] File [C:/Users/21010835/Documents/Unreal Projects/Drone/Saved/Config/Windows/Engine.ini]
LogConfig: Setting CVar [[s.MinBulkDataSizeForAsyncLoading:131072]]
LogConfig: Setting CVar [[s.AsyncLoadingThreadEnabled:0]]
LogConfig: Setting CVar [[s.EventDrivenLoaderEnabled:1]]
LogConfig: Setting CVar [[s.WarnIfTimeLimitExceeded:0]]
LogConfig: Setting CVar [[s.TimeLimitExceededMultiplier:1.5]]
LogConfig: Setting CVar [[s.TimeLimitExceededMinTime:0.005]]
LogConfig: Setting CVar [[s.UseBackgroundLevelStreaming:1]]
LogConfig: Setting CVar [[s.PriorityAsyncLoadingExtraTime:15.0]]
LogConfig: Setting CVar [[s.LevelStreamingActorsUpdateTimeLimit:5.0]]
LogConfig: Setting CVar [[s.PriorityLevelStreamingActorsUpdateExtraTime:5.0]]
LogConfig: Setting CVar [[s.LevelStreamingComponentsRegistrationGranularity:10]]
LogConfig: Setting CVar [[s.UnregisterComponentsTimeLimit:1.0]]
LogConfig: Setting CVar [[s.LevelStreamingComponentsUnregistrationGranularity:5]]
LogConfig: Setting CVar [[s.FlushStreamingOnExit:1]]
LogInit: Object subsystem initialized
LogConfig: Setting CVar [[con.DebugEarlyDefault:1]]
LogConfig: Setting CVar [[r.setres:1280x720]]
[2022.03.21-16.56.29:446][  0]LogConfig: Setting CVar [[r.VSync:0]]
[2022.03.21-16.56.29:446][  0]LogConfig: Setting CVar [[r.RHICmdBypass:0]]
[2022.03.21-16.56.29:446][  0]LogConfig: Applying CVar settings from Section [/Script/Engine.RendererSettings] File [C:/Users/21010835/Documents/Unreal Projects/Drone/Saved/Config/Windows/Engine.ini]
[2022.03.21-16.56.29:446][  0]LogConfig: Setting CVar [[r.GPUCrashDebugging:0]]
[2022.03.21-16.56.29:446][  0]LogConfig: Applying CVar settings from Section [/Script/Engine.RendererOverrideSettings] File [C:/Users/21010835/Documents/Unreal Projects/Drone/Saved/Config/Windows/Engine.ini]
[2022.03.21-16.56.29:446][  0]LogConfig: Applying CVar settings from Section [/Script/Engine.StreamingSettings] File [C:/Users/21010835/Documents/Unreal Projects/Drone/Saved/Config/Windows/Engine.ini]
[2022.03.21-16.56.29:446][  0]LogConfig: Setting CVar [[s.MinBulkDataSizeForAsyncLoading:131072]]
[2022.03.21-16.56.29:446][  0]LogConfig: Setting CVar [[s.AsyncLoadingThreadEnabled:0]]
[2022.03.21-16.56.29:446][  0]LogConfig: Setting CVar [[s.EventDrivenLoaderEnabled:1]]
[2022.03.21-16.56.29:446][  0]LogConfig: Setting CVar [[s.WarnIfTimeLimitExceeded:0]]
[2022.03.21-16.56.29:446][  0]LogConfig: Setting CVar [[s.TimeLimitExceededMultiplier:1.5]]
[2022.03.21-16.56.29:446][  0]LogConfig: Setting CVar [[s.TimeLimitExceededMinTime:0.005]]
[2022.03.21-16.56.29:446][  0]LogConfig: Setting CVar [[s.UseBackgroundLevelStreaming:1]]
[2022.03.21-16.56.29:446][  0]LogConfig: Setting CVar [[s.PriorityAsyncLoadingExtraTime:15.0]]
[2022.03.21-16.56.29:446][  0]LogConfig: Setting CVar [[s.LevelStreamingActorsUpdateTimeLimit:5.0]]
[2022.03.21-16.56.29:446][  0]LogConfig: Setting CVar [[s.PriorityLevelStreamingActorsUpdateExtraTime:5.0]]
[2022.03.21-16.56.29:446][  0]LogConfig: Setting CVar [[s.LevelStreamingComponentsRegistrationGranularity:10]]
[2022.03.21-16.56.29:446][  0]LogConfig: Setting CVar [[s.UnregisterComponentsTimeLimit:1.0]]
[2022.03.21-16.56.29:446][  0]LogConfig: Setting CVar [[s.LevelStreamingComponentsUnregistrationGranularity:5]]
[2022.03.21-16.56.29:446][  0]LogConfig: Setting CVar [[s.FlushStreamingOnExit:1]]
[2022.03.21-16.56.29:446][  0]LogConfig: Applying CVar settings from Section [/Script/Engine.GarbageCollectionSettings] File [C:/Users/21010835/Documents/Unreal Projects/Drone/Saved/Config/Windows/Engine.ini]
[2022.03.21-16.56.29:446][  0]LogConfig: Setting CVar [[gc.MaxObjectsNotConsideredByGC:1]]
[2022.03.21-16.56.29:446][  0]LogConfig: Setting CVar [[gc.SizeOfPermanentObjectPool:0]]
[2022.03.21-16.56.29:446][  0]LogConfig: Setting CVar [[gc.FlushStreamingOnGC:0]]
[2022.03.21-16.56.29:446][  0]LogConfig: Setting CVar [[gc.NumRetriesBeforeForcingGC:10]]
[2022.03.21-16.56.29:446][  0]LogConfig: Setting CVar [[gc.AllowParallelGC:1]]
[2022.03.21-16.56.29:446][  0]LogConfig: Setting CVar [[gc.TimeBetweenPurgingPendingKillObjects:61.1]]
[2022.03.21-16.56.29:446][  0]LogConfig: Setting CVar [[gc.MaxObjectsInEditor:25165824]]
[2022.03.21-16.56.29:446][  0]LogConfig: Setting CVar [[gc.IncrementalBeginDestroyEnabled:1]]
[2022.03.21-16.56.29:446][  0]LogConfig: Setting CVar [[gc.CreateGCClusters:1]]
[2022.03.21-16.56.29:446][  0]LogConfig: Setting CVar [[gc.MinGCClusterSize:5]]
[2022.03.21-16.56.29:446][  0]LogConfig: Setting CVar [[gc.ActorClusteringEnabled:0]]
[2022.03.21-16.56.29:446][  0]LogConfig: Setting CVar [[gc.BlueprintClusteringEnabled:0]]
[2022.03.21-16.56.29:446][  0]LogConfig: Setting CVar [[gc.UseDisregardForGCOnDedicatedServers:0]]
[2022.03.21-16.56.29:447][  0]LogConfig: Setting CVar [[gc.MultithreadedDestructionEnabled:1]]
[2022.03.21-16.56.29:447][  0]LogConfig: Applying CVar settings from Section [/Script/Engine.NetworkSettings] File [C:/Users/21010835/Documents/Unreal Projects/Drone/Saved/Config/Windows/Engine.ini]
[2022.03.21-16.56.29:447][  0]LogConfig: Applying CVar settings from Section [/Script/UnrealEd.CookerSettings] File [C:/Users/21010835/Documents/Unreal Projects/Drone/Saved/Config/Windows/Engine.ini]
[2022.03.21-16.56.29:452][  0]LogConfig: Applying CVar settings from Section [ViewDistanceQuality@3] File [C:/Users/21010835/Documents/Unreal Projects/Drone/Saved/Config/Windows/Scalability.ini]
[2022.03.21-16.56.29:452][  0]LogConfig: Setting CVar [[r.SkeletalMeshLODBias:0]]
[2022.03.21-16.56.29:452][  0]LogConfig: Setting CVar [[r.ViewDistanceScale:1.0]]
[2022.03.21-16.56.29:452][  0]LogConfig: Applying CVar settings from Section [AntiAliasingQuality@3] File [C:/Users/21010835/Documents/Unreal Projects/Drone/Saved/Config/Windows/Scalability.ini]
[2022.03.21-16.56.29:452][  0]LogConfig: Setting CVar [[r.PostProcessAAQuality:4]]
[2022.03.21-16.56.29:452][  0]LogConfig: Applying CVar settings from Section [ShadowQuality@3] File [C:/Users/21010835/Documents/Unreal Projects/Drone/Saved/Config/Windows/Scalability.ini]
[2022.03.21-16.56.29:452][  0]LogConfig: Setting CVar [[r.LightFunctionQuality:1]]
[2022.03.21-16.56.29:452][  0]LogConfig: Setting CVar [[r.ShadowQuality:5]]
[2022.03.21-16.56.29:452][  0]LogConfig: Setting CVar [[r.Shadow.CSM.MaxCascades:10]]
[2022.03.21-16.56.29:452][  0]LogConfig: Setting CVar [[r.Shadow.MaxResolution:2048]]
[2022.03.21-16.56.29:452][  0]LogConfig: Setting CVar [[r.Shadow.MaxCSMResolution:2048]]
[2022.03.21-16.56.29:452][  0]LogConfig: Setting CVar [[r.Shadow.RadiusThreshold:0.01]]
[2022.03.21-16.56.29:452][  0]LogConfig: Setting CVar [[r.Shadow.DistanceScale:1.0]]
[2022.03.21-16.56.29:452][  0]LogConfig: Setting CVar [[r.Shadow.CSM.TransitionScale:1.0]]
[2022.03.21-16.56.29:452][  0]LogConfig: Setting CVar [[r.Shadow.PreShadowResolutionFactor:1.0]]
[2022.03.21-16.56.29:452][  0]LogConfig: Setting CVar [[r.DistanceFieldShadowing:1]]
[2022.03.21-16.56.29:452][  0]LogConfig: Setting CVar [[r.DistanceFieldAO:1]]
[2022.03.21-16.56.29:452][  0]LogConfig: Setting CVar [[r.AOQuality:2]]
[2022.03.21-16.56.29:452][  0]LogConfig: Setting CVar [[r.VolumetricFog:1]]
[2022.03.21-16.56.29:452][  0]LogConfig: Setting CVar [[r.VolumetricFog.GridPixelSize:8]]
[2022.03.21-16.56.29:452][  0]LogConfig: Setting CVar [[r.VolumetricFog.GridSizeZ:128]]
[2022.03.21-16.56.29:452][  0]LogConfig: Setting CVar [[r.VolumetricFog.HistoryMissSupersampleCount:4]]
[2022.03.21-16.56.29:452][  0]LogConfig: Setting CVar [[r.LightMaxDrawDistanceScale:1]]
[2022.03.21-16.56.29:452][  0]LogConfig: Setting CVar [[r.CapsuleShadows:1]]
[2022.03.21-16.56.29:452][  0]LogConfig: Applying CVar settings from Section [PostProcessQuality@3] File [C:/Users/21010835/Documents/Unreal Projects/Drone/Saved/Config/Windows/Scalability.ini]
[2022.03.21-16.56.29:452][  0]LogConfig: Setting CVar [[r.MotionBlurQuality:4]]
[2022.03.21-16.56.29:452][  0]LogConfig: Setting CVar [[r.AmbientOcclusionMipLevelFactor:0.4]]
[2022.03.21-16.56.29:452][  0]LogConfig: Setting CVar [[r.AmbientOcclusionMaxQuality:100]]
[2022.03.21-16.56.29:452][  0]LogConfig: Setting CVar [[r.AmbientOcclusionLevels:-1]]
[2022.03.21-16.56.29:452][  0]LogConfig: Setting CVar [[r.AmbientOcclusionRadiusScale:1.0]]
[2022.03.21-16.56.29:452][  0]LogConfig: Setting CVar [[r.DepthOfFieldQuality:2]]
[2022.03.21-16.56.29:452][  0]LogConfig: Setting CVar [[r.RenderTargetPoolMin:400]]
[2022.03.21-16.56.29:452][  0]LogConfig: Setting CVar [[r.LensFlareQuality:2]]
[2022.03.21-16.56.29:452][  0]LogConfig: Setting CVar [[r.SceneColorFringeQuality:1]]
[2022.03.21-16.56.29:452][  0]LogConfig: Setting CVar [[r.EyeAdaptationQuality:2]]
[2022.03.21-16.56.29:452][  0]LogConfig: Setting CVar [[r.BloomQuality:5]]
[2022.03.21-16.56.29:452][  0]LogConfig: Setting CVar [[r.FastBlurThreshold:100]]
[2022.03.21-16.56.29:452][  0]LogConfig: Setting CVar [[r.Upscale.Quality:3]]
[2022.03.21-16.56.29:452][  0]LogConfig: Setting CVar [[r.Tonemapper.GrainQuantization:1]]
[2022.03.21-16.56.29:452][  0]LogConfig: Setting CVar [[r.LightShaftQuality:1]]
[2022.03.21-16.56.29:452][  0]LogConfig: Setting CVar [[r.Filter.SizeScale:1]]
[2022.03.21-16.56.29:452][  0]LogConfig: Setting CVar [[r.Tonemapper.Quality:5]]
[2022.03.21-16.56.29:452][  0]LogConfig: Setting CVar [[r.DOF.Gather.AccumulatorQuality:1        ; higher gathering accumulator quality]]
[2022.03.21-16.56.29:452][  0]LogConfig: Setting CVar [[r.DOF.Gather.PostfilterMethod:1          ; Median3x3 postfilering method]]
[2022.03.21-16.56.29:452][  0]LogConfig: Setting CVar [[r.DOF.Gather.EnableBokehSettings:0       ; no bokeh simulation when gathering]]
[2022.03.21-16.56.29:452][  0]LogConfig: Setting CVar [[r.DOF.Gather.RingCount:4                 ; medium number of samples when gathering]]
[2022.03.21-16.56.29:452][  0]LogConfig: Setting CVar [[r.DOF.Scatter.ForegroundCompositing:1    ; additive foreground scattering]]
[2022.03.21-16.56.29:452][  0]LogConfig: Setting CVar [[r.DOF.Scatter.BackgroundCompositing:2    ; additive background scattering]]
[2022.03.21-16.56.29:452][  0]LogConfig: Setting CVar [[r.DOF.Scatter.EnableBokehSettings:1      ; bokeh simulation when scattering]]
[2022.03.21-16.56.29:452][  0]LogConfig: Setting CVar [[r.DOF.Scatter.MaxSpriteRatio:0.1         ; only a maximum of 10% of scattered bokeh]]
[2022.03.21-16.56.29:452][  0]LogConfig: Setting CVar [[r.DOF.Recombine.Quality:1                ; cheap slight out of focus]]
[2022.03.21-16.56.29:452][  0]LogConfig: Setting CVar [[r.DOF.Recombine.EnableBokehSettings:0    ; no bokeh simulation on slight out of focus]]
[2022.03.21-16.56.29:452][  0]LogConfig: Setting CVar [[r.DOF.TemporalAAQuality:1                ; more stable temporal accumulation]]
[2022.03.21-16.56.29:452][  0]LogConfig: Setting CVar [[r.DOF.Kernel.MaxForegroundRadius:0.025]]
[2022.03.21-16.56.29:452][  0]LogConfig: Setting CVar [[r.DOF.Kernel.MaxBackgroundRadius:0.025]]
[2022.03.21-16.56.29:452][  0]LogConfig: Applying CVar settings from Section [TextureQuality@3] File [C:/Users/21010835/Documents/Unreal Projects/Drone/Saved/Config/Windows/Scalability.ini]
[2022.03.21-16.56.29:453][  0]LogConfig: Setting CVar [[r.Streaming.MipBias:0]]
[2022.03.21-16.56.29:453][  0]LogConfig: Setting CVar [[r.Streaming.AmortizeCPUToGPUCopy:0]]
[2022.03.21-16.56.29:453][  0]LogConfig: Setting CVar [[r.Streaming.MaxNumTexturesToStreamPerFrame:0]]
[2022.03.21-16.56.29:453][  0]LogConfig: Setting CVar [[r.Streaming.Boost:1]]
[2022.03.21-16.56.29:453][  0]LogConfig: Setting CVar [[r.MaxAnisotropy:8]]
[2022.03.21-16.56.29:453][  0]LogConfig: Setting CVar [[r.VT.MaxAnisotropy:8]]
[2022.03.21-16.56.29:453][  0]LogConfig: Setting CVar [[r.Streaming.LimitPoolSizeToVRAM:0]]
[2022.03.21-16.56.29:453][  0]LogConfig: Setting CVar [[r.Streaming.PoolSize:1000]]
[2022.03.21-16.56.29:453][  0]LogConfig: Setting CVar [[r.Streaming.MaxEffectiveScreenSize:0]]
[2022.03.21-16.56.29:453][  0]LogConfig: Applying CVar settings from Section [EffectsQuality@3] File [C:/Users/21010835/Documents/Unreal Projects/Drone/Saved/Config/Windows/Scalability.ini]
[2022.03.21-16.56.29:453][  0]LogConfig: Setting CVar [[r.TranslucencyLightingVolumeDim:64]]
[2022.03.21-16.56.29:453][  0]LogConfig: Setting CVar [[r.RefractionQuality:2]]
[2022.03.21-16.56.29:453][  0]LogConfig: Setting CVar [[r.SSR.Quality:3]]
[2022.03.21-16.56.29:453][  0]LogConfig: Setting CVar [[r.SSR.HalfResSceneColor:0]]
[2022.03.21-16.56.29:453][  0]LogConfig: Setting CVar [[r.SceneColorFormat:4]]
[2022.03.21-16.56.29:453][  0]LogConfig: Setting CVar [[r.DetailMode:2]]
[2022.03.21-16.56.29:453][  0]LogConfig: Setting CVar [[r.TranslucencyVolumeBlur:1]]
[2022.03.21-16.56.29:453][  0]LogConfig: Setting CVar [[r.MaterialQualityLevel:1 ; High quality]]
[2022.03.21-16.56.29:453][  0]LogConfig: Setting CVar [[r.AnisotropicMaterials:1]]
[2022.03.21-16.56.29:453][  0]LogConfig: Setting CVar [[r.SSS.Scale:1]]
[2022.03.21-16.56.29:453][  0]LogConfig: Setting CVar [[r.SSS.SampleSet:2]]
[2022.03.21-16.56.29:453][  0]LogConfig: Setting CVar [[r.SSS.Quality:1]]
[2022.03.21-16.56.29:453][  0]LogConfig: Setting CVar [[r.SSS.HalfRes:0]]
[2022.03.21-16.56.29:453][  0]LogConfig: Setting CVar [[r.SSGI.Quality:3]]
[2022.03.21-16.56.29:453][  0]LogConfig: Setting CVar [[r.EmitterSpawnRateScale:1.0]]
[2022.03.21-16.56.29:453][  0]LogConfig: Setting CVar [[r.ParticleLightQuality:2]]
[2022.03.21-16.56.29:453][  0]LogConfig: Setting CVar [[r.SkyAtmosphere.AerialPerspectiveLUT.FastApplyOnOpaque:1 ; Always have FastSkyLUT 1 in this case to avoid wrong sky]]
[2022.03.21-16.56.29:453][  0]LogConfig: Setting CVar [[r.SkyAtmosphere.AerialPerspectiveLUT.SampleCountMaxPerSlice:4]]
[2022.03.21-16.56.29:453][  0]LogConfig: Setting CVar [[r.SkyAtmosphere.AerialPerspectiveLUT.DepthResolution:16.0]]
[2022.03.21-16.56.29:453][  0]LogConfig: Setting CVar [[r.SkyAtmosphere.FastSkyLUT:1]]
[2022.03.21-16.56.29:453][  0]LogConfig: Setting CVar [[r.SkyAtmosphere.FastSkyLUT.SampleCountMin:4.0]]
[2022.03.21-16.56.29:453][  0]LogConfig: Setting CVar [[r.SkyAtmosphere.FastSkyLUT.SampleCountMax:128.0]]
[2022.03.21-16.56.29:453][  0]LogConfig: Setting CVar [[r.SkyAtmosphere.SampleCountMin:4.0]]
[2022.03.21-16.56.29:453][  0]LogConfig: Setting CVar [[r.SkyAtmosphere.SampleCountMax:128.0]]
[2022.03.21-16.56.29:453][  0]LogConfig: Setting CVar [[r.SkyAtmosphere.TransmittanceLUT.UseSmallFormat:0]]
[2022.03.21-16.56.29:453][  0]LogConfig: Setting CVar [[r.SkyAtmosphere.TransmittanceLUT.SampleCount:10.0]]
[2022.03.21-16.56.29:453][  0]LogConfig: Setting CVar [[r.SkyAtmosphere.MultiScatteringLUT.SampleCount:15.0]]
[2022.03.21-16.56.29:453][  0]LogConfig: Setting CVar [[r.SkyLight.RealTimeReflectionCapture:1]]
[2022.03.21-16.56.29:453][  0]LogConfig: Applying CVar settings from Section [FoliageQuality@3] File [C:/Users/21010835/Documents/Unreal Projects/Drone/Saved/Config/Windows/Scalability.ini]
[2022.03.21-16.56.29:453][  0]LogConfig: Setting CVar [[foliage.DensityScale:1.0]]
[2022.03.21-16.56.29:453][  0]LogConfig: Setting CVar [[grass.DensityScale:1.0]]
[2022.03.21-16.56.29:453][  0]LogConfig: Applying CVar settings from Section [ShadingQuality@3] File [C:/Users/21010835/Documents/Unreal Projects/Drone/Saved/Config/Windows/Scalability.ini]
[2022.03.21-16.56.29:453][  0]LogConfig: Setting CVar [[r.HairStrands.SkyLighting.IntegrationType:2]]
[2022.03.21-16.56.29:453][  0]LogConfig: Setting CVar [[r.HairStrands.SkyAO.SampleCount:4]]
[2022.03.21-16.56.29:453][  0]LogConfig: Setting CVar [[r.HairStrands.Visibility.MSAA.SamplePerPixel:4]]
[2022.03.21-16.56.29:453][  0]LogInit: Selected Device Profile: [Windows]
[2022.03.21-16.56.29:453][  0]LogInit: Applying CVar settings loaded from the selected device profile: [Windows]
[2022.03.21-16.56.29:453][  0]LogHAL: Display: Platform has ~ 16 GB [16973533184 / 17179869184 / 16], which maps to Larger [LargestMinGB=32, LargerMinGB=12, DefaultMinGB=8, SmallerMinGB=6, SmallestMinGB=0)
[2022.03.21-16.56.29:453][  0]LogInit: Going up to parent DeviceProfile []
[2022.03.21-16.56.29:453][  0]LogConfig: Applying CVar settings from Section [ViewDistanceQuality@3] File [C:/Users/21010835/Documents/Unreal Projects/Drone/Saved/Config/Windows/Scalability.ini]
[2022.03.21-16.56.29:453][  0]LogConfig: Setting CVar [[r.SkeletalMeshLODBias:0]]
[2022.03.21-16.56.29:453][  0]LogConfig: Setting CVar [[r.ViewDistanceScale:1.0]]
[2022.03.21-16.56.29:453][  0]LogConfig: Applying CVar settings from Section [AntiAliasingQuality@3] File [C:/Users/21010835/Documents/Unreal Projects/Drone/Saved/Config/Windows/Scalability.ini]
[2022.03.21-16.56.29:453][  0]LogConfig: Setting CVar [[r.PostProcessAAQuality:4]]
[2022.03.21-16.56.29:453][  0]LogConfig: Applying CVar settings from Section [ShadowQuality@3] File [C:/Users/21010835/Documents/Unreal Projects/Drone/Saved/Config/Windows/Scalability.ini]
[2022.03.21-16.56.29:453][  0]LogConfig: Setting CVar [[r.LightFunctionQuality:1]]
[2022.03.21-16.56.29:453][  0]LogConfig: Setting CVar [[r.ShadowQuality:5]]
[2022.03.21-16.56.29:453][  0]LogConfig: Setting CVar [[r.Shadow.CSM.MaxCascades:10]]
[2022.03.21-16.56.29:453][  0]LogConfig: Setting CVar [[r.Shadow.MaxResolution:2048]]
[2022.03.21-16.56.29:453][  0]LogConfig: Setting CVar [[r.Shadow.MaxCSMResolution:2048]]
[2022.03.21-16.56.29:453][  0]LogConfig: Setting CVar [[r.Shadow.RadiusThreshold:0.01]]
[2022.03.21-16.56.29:453][  0]LogConfig: Setting CVar [[r.Shadow.DistanceScale:1.0]]
[2022.03.21-16.56.29:453][  0]LogConfig: Setting CVar [[r.Shadow.CSM.TransitionScale:1.0]]
[2022.03.21-16.56.29:453][  0]LogConfig: Setting CVar [[r.Shadow.PreShadowResolutionFactor:1.0]]
[2022.03.21-16.56.29:453][  0]LogConfig: Setting CVar [[r.DistanceFieldShadowing:1]]
[2022.03.21-16.56.29:453][  0]LogConfig: Setting CVar [[r.DistanceFieldAO:1]]
[2022.03.21-16.56.29:453][  0]LogConfig: Setting CVar [[r.AOQuality:2]]
[2022.03.21-16.56.29:453][  0]LogConfig: Setting CVar [[r.VolumetricFog:1]]
[2022.03.21-16.56.29:453][  0]LogConfig: Setting CVar [[r.VolumetricFog.GridPixelSize:8]]
[2022.03.21-16.56.29:453][  0]LogConfig: Setting CVar [[r.VolumetricFog.GridSizeZ:128]]
[2022.03.21-16.56.29:453][  0]LogConfig: Setting CVar [[r.VolumetricFog.HistoryMissSupersampleCount:4]]
[2022.03.21-16.56.29:453][  0]LogConfig: Setting CVar [[r.LightMaxDrawDistanceScale:1]]
[2022.03.21-16.56.29:453][  0]LogConfig: Setting CVar [[r.CapsuleShadows:1]]
[2022.03.21-16.56.29:453][  0]LogConfig: Applying CVar settings from Section [PostProcessQuality@3] File [C:/Users/21010835/Documents/Unreal Projects/Drone/Saved/Config/Windows/Scalability.ini]
[2022.03.21-16.56.29:453][  0]LogConfig: Setting CVar [[r.MotionBlurQuality:4]]
[2022.03.21-16.56.29:453][  0]LogConfig: Setting CVar [[r.AmbientOcclusionMipLevelFactor:0.4]]
[2022.03.21-16.56.29:453][  0]LogConfig: Setting CVar [[r.AmbientOcclusionMaxQuality:100]]
[2022.03.21-16.56.29:453][  0]LogConfig: Setting CVar [[r.AmbientOcclusionLevels:-1]]
[2022.03.21-16.56.29:453][  0]LogConfig: Setting CVar [[r.AmbientOcclusionRadiusScale:1.0]]
[2022.03.21-16.56.29:453][  0]LogConfig: Setting CVar [[r.DepthOfFieldQuality:2]]
[2022.03.21-16.56.29:453][  0]LogConfig: Setting CVar [[r.RenderTargetPoolMin:400]]
[2022.03.21-16.56.29:453][  0]LogConfig: Setting CVar [[r.LensFlareQuality:2]]
[2022.03.21-16.56.29:453][  0]LogConfig: Setting CVar [[r.SceneColorFringeQuality:1]]
[2022.03.21-16.56.29:453][  0]LogConfig: Setting CVar [[r.EyeAdaptationQuality:2]]
[2022.03.21-16.56.29:453][  0]LogConfig: Setting CVar [[r.BloomQuality:5]]
[2022.03.21-16.56.29:453][  0]LogConfig: Setting CVar [[r.FastBlurThreshold:100]]
[2022.03.21-16.56.29:454][  0]LogConfig: Setting CVar [[r.Upscale.Quality:3]]
[2022.03.21-16.56.29:454][  0]LogConfig: Setting CVar [[r.Tonemapper.GrainQuantization:1]]
[2022.03.21-16.56.29:454][  0]LogConfig: Setting CVar [[r.LightShaftQuality:1]]
[2022.03.21-16.56.29:454][  0]LogConfig: Setting CVar [[r.Filter.SizeScale:1]]
[2022.03.21-16.56.29:454][  0]LogConfig: Setting CVar [[r.Tonemapper.Quality:5]]
[2022.03.21-16.56.29:454][  0]LogConfig: Setting CVar [[r.DOF.Gather.AccumulatorQuality:1        ; higher gathering accumulator quality]]
[2022.03.21-16.56.29:454][  0]LogConfig: Setting CVar [[r.DOF.Gather.PostfilterMethod:1          ; Median3x3 postfilering method]]
[2022.03.21-16.56.29:454][  0]LogConfig: Setting CVar [[r.DOF.Gather.EnableBokehSettings:0       ; no bokeh simulation when gathering]]
[2022.03.21-16.56.29:454][  0]LogConfig: Setting CVar [[r.DOF.Gather.RingCount:4                 ; medium number of samples when gathering]]
[2022.03.21-16.56.29:454][  0]LogConfig: Setting CVar [[r.DOF.Scatter.ForegroundCompositing:1    ; additive foreground scattering]]
[2022.03.21-16.56.29:454][  0]LogConfig: Setting CVar [[r.DOF.Scatter.BackgroundCompositing:2    ; additive background scattering]]
[2022.03.21-16.56.29:454][  0]LogConfig: Setting CVar [[r.DOF.Scatter.EnableBokehSettings:1      ; bokeh simulation when scattering]]
[2022.03.21-16.56.29:454][  0]LogConfig: Setting CVar [[r.DOF.Scatter.MaxSpriteRatio:0.1         ; only a maximum of 10% of scattered bokeh]]
[2022.03.21-16.56.29:454][  0]LogConfig: Setting CVar [[r.DOF.Recombine.Quality:1                ; cheap slight out of focus]]
[2022.03.21-16.56.29:454][  0]LogConfig: Setting CVar [[r.DOF.Recombine.EnableBokehSettings:0    ; no bokeh simulation on slight out of focus]]
[2022.03.21-16.56.29:454][  0]LogConfig: Setting CVar [[r.DOF.TemporalAAQuality:1                ; more stable temporal accumulation]]
[2022.03.21-16.56.29:454][  0]LogConfig: Setting CVar [[r.DOF.Kernel.MaxForegroundRadius:0.025]]
[2022.03.21-16.56.29:454][  0]LogConfig: Setting CVar [[r.DOF.Kernel.MaxBackgroundRadius:0.025]]
[2022.03.21-16.56.29:454][  0]LogConfig: Applying CVar settings from Section [TextureQuality@3] File [C:/Users/21010835/Documents/Unreal Projects/Drone/Saved/Config/Windows/Scalability.ini]
[2022.03.21-16.56.29:454][  0]LogConfig: Setting CVar [[r.Streaming.MipBias:0]]
[2022.03.21-16.56.29:454][  0]LogConfig: Setting CVar [[r.Streaming.AmortizeCPUToGPUCopy:0]]
[2022.03.21-16.56.29:454][  0]LogConfig: Setting CVar [[r.Streaming.MaxNumTexturesToStreamPerFrame:0]]
[2022.03.21-16.56.29:454][  0]LogConfig: Setting CVar [[r.Streaming.Boost:1]]
[2022.03.21-16.56.29:454][  0]LogConfig: Setting CVar [[r.MaxAnisotropy:8]]
[2022.03.21-16.56.29:454][  0]LogConfig: Setting CVar [[r.VT.MaxAnisotropy:8]]
[2022.03.21-16.56.29:454][  0]LogConfig: Setting CVar [[r.Streaming.LimitPoolSizeToVRAM:0]]
[2022.03.21-16.56.29:454][  0]LogConfig: Setting CVar [[r.Streaming.PoolSize:1000]]
[2022.03.21-16.56.29:454][  0]LogConfig: Setting CVar [[r.Streaming.MaxEffectiveScreenSize:0]]
[2022.03.21-16.56.29:454][  0]LogConfig: Applying CVar settings from Section [EffectsQuality@3] File [C:/Users/21010835/Documents/Unreal Projects/Drone/Saved/Config/Windows/Scalability.ini]
[2022.03.21-16.56.29:454][  0]LogConfig: Setting CVar [[r.TranslucencyLightingVolumeDim:64]]
[2022.03.21-16.56.29:454][  0]LogConfig: Setting CVar [[r.RefractionQuality:2]]
[2022.03.21-16.56.29:454][  0]LogConfig: Setting CVar [[r.SSR.Quality:3]]
[2022.03.21-16.56.29:454][  0]LogConfig: Setting CVar [[r.SSR.HalfResSceneColor:0]]
[2022.03.21-16.56.29:454][  0]LogConfig: Setting CVar [[r.SceneColorFormat:4]]
[2022.03.21-16.56.29:454][  0]LogConfig: Setting CVar [[r.DetailMode:2]]
[2022.03.21-16.56.29:454][  0]LogConfig: Setting CVar [[r.TranslucencyVolumeBlur:1]]
[2022.03.21-16.56.29:454][  0]LogConfig: Setting CVar [[r.MaterialQualityLevel:1 ; High quality]]
[2022.03.21-16.56.29:454][  0]LogConfig: Setting CVar [[r.AnisotropicMaterials:1]]
[2022.03.21-16.56.29:454][  0]LogConfig: Setting CVar [[r.SSS.Scale:1]]
[2022.03.21-16.56.29:454][  0]LogConfig: Setting CVar [[r.SSS.SampleSet:2]]
[2022.03.21-16.56.29:454][  0]LogConfig: Setting CVar [[r.SSS.Quality:1]]
[2022.03.21-16.56.29:454][  0]LogConfig: Setting CVar [[r.SSS.HalfRes:0]]
[2022.03.21-16.56.29:454][  0]LogConfig: Setting CVar [[r.SSGI.Quality:3]]
[2022.03.21-16.56.29:454][  0]LogConfig: Setting CVar [[r.EmitterSpawnRateScale:1.0]]
[2022.03.21-16.56.29:454][  0]LogConfig: Setting CVar [[r.ParticleLightQuality:2]]
[2022.03.21-16.56.29:454][  0]LogConfig: Setting CVar [[r.SkyAtmosphere.AerialPerspectiveLUT.FastApplyOnOpaque:1 ; Always have FastSkyLUT 1 in this case to avoid wrong sky]]
[2022.03.21-16.56.29:454][  0]LogConfig: Setting CVar [[r.SkyAtmosphere.AerialPerspectiveLUT.SampleCountMaxPerSlice:4]]
[2022.03.21-16.56.29:454][  0]LogConfig: Setting CVar [[r.SkyAtmosphere.AerialPerspectiveLUT.DepthResolution:16.0]]
[2022.03.21-16.56.29:454][  0]LogConfig: Setting CVar [[r.SkyAtmosphere.FastSkyLUT:1]]
[2022.03.21-16.56.29:454][  0]LogConfig: Setting CVar [[r.SkyAtmosphere.FastSkyLUT.SampleCountMin:4.0]]
[2022.03.21-16.56.29:454][  0]LogConfig: Setting CVar [[r.SkyAtmosphere.FastSkyLUT.SampleCountMax:128.0]]
[2022.03.21-16.56.29:454][  0]LogConfig: Setting CVar [[r.SkyAtmosphere.SampleCountMin:4.0]]
[2022.03.21-16.56.29:454][  0]LogConfig: Setting CVar [[r.SkyAtmosphere.SampleCountMax:128.0]]
[2022.03.21-16.56.29:454][  0]LogConfig: Setting CVar [[r.SkyAtmosphere.TransmittanceLUT.UseSmallFormat:0]]
[2022.03.21-16.56.29:454][  0]LogConfig: Setting CVar [[r.SkyAtmosphere.TransmittanceLUT.SampleCount:10.0]]
[2022.03.21-16.56.29:454][  0]LogConfig: Setting CVar [[r.SkyAtmosphere.MultiScatteringLUT.SampleCount:15.0]]
[2022.03.21-16.56.29:454][  0]LogConfig: Setting CVar [[r.SkyLight.RealTimeReflectionCapture:1]]
[2022.03.21-16.56.29:454][  0]LogConfig: Applying CVar settings from Section [FoliageQuality@3] File [C:/Users/21010835/Documents/Unreal Projects/Drone/Saved/Config/Windows/Scalability.ini]
[2022.03.21-16.56.29:454][  0]LogConfig: Setting CVar [[foliage.DensityScale:1.0]]
[2022.03.21-16.56.29:454][  0]LogConfig: Setting CVar [[grass.DensityScale:1.0]]
[2022.03.21-16.56.29:454][  0]LogConfig: Applying CVar settings from Section [ShadingQuality@3] File [C:/Users/21010835/Documents/Unreal Projects/Drone/Saved/Config/Windows/Scalability.ini]
[2022.03.21-16.56.29:454][  0]LogConfig: Setting CVar [[r.HairStrands.SkyLighting.IntegrationType:2]]
[2022.03.21-16.56.29:454][  0]LogConfig: Setting CVar [[r.HairStrands.SkyAO.SampleCount:4]]
[2022.03.21-16.56.29:454][  0]LogConfig: Setting CVar [[r.HairStrands.Visibility.MSAA.SamplePerPixel:4]]
[2022.03.21-16.56.29:454][  0]LogConfig: Applying CVar settings from Section [Startup] File [../../../Engine/Config/ConsoleVariables.ini]
[2022.03.21-16.56.29:454][  0]LogConfig: Setting CVar [[net.UseAdaptiveNetUpdateFrequency:0]]
[2022.03.21-16.56.29:454][  0]LogConfig: Setting CVar [[p.chaos.AllowCreatePhysxBodies:1]]
[2022.03.21-16.56.29:454][  0]LogConfig: Setting CVar [[fx.SkipVectorVMBackendOptimizations:1]]
[2022.03.21-16.56.29:454][  0]LogConfig: Applying CVar settings from Section [ConsoleVariables] File [C:/Users/21010835/Documents/Unreal Projects/Drone/Saved/Config/Windows/Engine.ini]
[2022.03.21-16.56.29:454][  0]LogConfig: Applying CVar settings from Section [ConsoleVariables] File [C:/Users/21010835/Documents/Unreal Projects/Drone/Saved/Config/Windows/Editor.ini]
[2022.03.21-16.56.29:454][  0]LogInit: Computer: 310-09
[2022.03.21-16.56.29:454][  0]LogInit: User: 21010835
[2022.03.21-16.56.29:455][  0]LogInit: CPU Page size=4096, Cores=6
[2022.03.21-16.56.29:455][  0]LogInit: High frequency timer resolution =10.000000 MHz
[2022.03.21-16.56.29:455][  0]LogMemory: Memory total: Physical=15.8GB (16GB approx)
[2022.03.21-16.56.29:455][  0]LogMemory: Platform Memory Stats for Windows
[2022.03.21-16.56.29:455][  0]LogMemory: Process Physical Memory: 145.40 MB used, 145.41 MB peak
[2022.03.21-16.56.29:455][  0]LogMemory: Process Virtual Memory: 131.72 MB used, 131.72 MB peak
[2022.03.21-16.56.29:455][  0]LogMemory: Physical Memory: 6084.13 MB used,  10103.09 MB free, 16187.22 MB total
[2022.03.21-16.56.29:455][  0]LogMemory: Virtual Memory: 134206768.00 MB used,  10958.25 MB free, 134217728.00 MB total
[2022.03.21-16.56.29:459][  0]LogWindows: WindowsPlatformFeatures enabled
[2022.03.21-16.56.29:494][  0]LogInit: Physics initialised using underlying interface: PhysX
[2022.03.21-16.56.29:495][  0]LogInit: Overriding language with editor language configuration option (en).
[2022.03.21-16.56.29:495][  0]LogInit: Overriding language with editor locale configuration option (en).
[2022.03.21-16.56.29:650][  0]LogInit: Setting process to per monitor DPI aware
[2022.03.21-16.56.29:660][  0]LogWindowsTextInputMethodSystem: Display: IME system deactivated.
[2022.03.21-16.56.29:670][  0]LogSlate: New Slate User Created.  User Index 0, Is Virtual User: 0
[2022.03.21-16.56.29:670][  0]LogSlate: Slate User Registered.  User Index 0, Is Virtual User: 0
[2022.03.21-16.56.29:777][  0]LogD3D11RHI: Loaded GFSDK_Aftermath_Lib.x64.dll
[2022.03.21-16.56.29:780][  0]LogHMD: Failed to initialize OpenVR with code 110
[2022.03.21-16.56.29:780][  0]LogD3D11RHI: D3D11 min allowed feature level: 11_0
[2022.03.21-16.56.29:780][  0]LogD3D11RHI: D3D11 max allowed feature level: 11_0
[2022.03.21-16.56.29:780][  0]LogD3D11RHI: D3D11 adapters:
[2022.03.21-16.56.29:844][  0]LogD3D11RHI:    0. 'NVIDIA GeForce GTX 1050 Ti' (Feature Level 11_0)
[2022.03.21-16.56.29:844][  0]LogD3D11RHI:       4018/0/8093 MB DedicatedVideo/DedicatedSystem/SharedSystem, Outputs:1, VendorId:0x10de
[2022.03.21-16.56.29:875][  0]LogD3D11RHI:    1. 'Intel(R) UHD Graphics 630' (Feature Level 11_0)
[2022.03.21-16.56.29:875][  0]LogD3D11RHI:       128/0/8093 MB DedicatedVideo/DedicatedSystem/SharedSystem, Outputs:0, VendorId:0x8086
[2022.03.21-16.56.29:877][  0]LogD3D11RHI:    2. 'Microsoft Basic Render Driver' (Feature Level 11_0)
[2022.03.21-16.56.29:877][  0]LogD3D11RHI:       0/0/8093 MB DedicatedVideo/DedicatedSystem/SharedSystem, Outputs:0, VendorId:0x1414
[2022.03.21-16.56.29:877][  0]LogD3D11RHI: Chosen D3D11 Adapter:
[2022.03.21-16.56.29:877][  0]LogD3D11RHI:     Description : NVIDIA GeForce GTX 1050 Ti
[2022.03.21-16.56.29:877][  0]LogD3D11RHI:     VendorId    : 10de
[2022.03.21-16.56.29:877][  0]LogD3D11RHI:     DeviceId    : 1c82
[2022.03.21-16.56.29:877][  0]LogD3D11RHI:     SubSysId    : 35121028
[2022.03.21-16.56.29:877][  0]LogD3D11RHI:     Revision    : 00a1
[2022.03.21-16.56.29:877][  0]LogD3D11RHI:     DedicatedVideoMemory : 4213178368 bytes
[2022.03.21-16.56.29:877][  0]LogD3D11RHI:     DedicatedSystemMemory : 0 bytes
[2022.03.21-16.56.29:877][  0]LogD3D11RHI:     SharedSystemMemory : 8486766592 bytes
[2022.03.21-16.56.29:877][  0]LogD3D11RHI:     AdapterLuid : 0 69441
[2022.03.21-16.56.29:881][  0]LogD3D11RHI: Creating new Direct3DDevice
[2022.03.21-16.56.29:881][  0]LogD3D11RHI:     GPU DeviceId: 0x1c82 (for the marketing name, search the web for "GPU Device Id")
[2022.03.21-16.56.29:881][  0]LogWindows: EnumDisplayDevices:
[2022.03.21-16.56.29:882][  0]LogWindows:    0. 'NVIDIA GeForce GTX 1050 Ti' (P:1 D:1)
[2022.03.21-16.56.29:882][  0]LogWindows:    1. 'NVIDIA GeForce GTX 1050 Ti' (P:0 D:0)
[2022.03.21-16.56.29:882][  0]LogWindows:    2. 'NVIDIA GeForce GTX 1050 Ti' (P:0 D:0)
[2022.03.21-16.56.29:882][  0]LogWindows:    3. 'NVIDIA GeForce GTX 1050 Ti' (P:0 D:0)
[2022.03.21-16.56.29:882][  0]LogWindows:    4. 'Intel(R) UHD Graphics 630' (P:0 D:0)
[2022.03.21-16.56.29:883][  0]LogWindows:    5. 'Intel(R) UHD Graphics 630' (P:0 D:0)
[2022.03.21-16.56.29:883][  0]LogWindows:    6. 'Intel(R) UHD Graphics 630' (P:0 D:0)
[2022.03.21-16.56.29:883][  0]LogWindows: DebugString: PrimaryIsNotTheChoosenAdapter PrimaryIsNotTheChoosenAdapter PrimaryIsNotTheChoosenAdapter FoundDriverCount:4 
[2022.03.21-16.56.29:883][  0]LogD3D11RHI:     Adapter Name: NVIDIA GeForce GTX 1050 Ti
[2022.03.21-16.56.29:883][  0]LogD3D11RHI:   Driver Version: 457.51 (internal:27.21.14.5751, unified:457.51)
[2022.03.21-16.56.29:883][  0]LogD3D11RHI:      Driver Date: 11-22-2020
[2022.03.21-16.56.29:883][  0]LogRHI: Texture pool is 2812 MB (70% of 4018 MB)
[2022.03.21-16.56.29:883][  0]LogD3D11RHI: Creating D3DDevice using adapter:
[2022.03.21-16.56.29:883][  0]LogD3D11RHI:     Description : NVIDIA GeForce GTX 1050 Ti
[2022.03.21-16.56.29:883][  0]LogD3D11RHI:     VendorId    : 10de
[2022.03.21-16.56.29:883][  0]LogD3D11RHI:     DeviceId    : 1c82
[2022.03.21-16.56.29:883][  0]LogD3D11RHI:     SubSysId    : 35121028
[2022.03.21-16.56.29:883][  0]LogD3D11RHI:     Revision    : 00a1
[2022.03.21-16.56.29:883][  0]LogD3D11RHI:     DedicatedVideoMemory : 4213178368 bytes
[2022.03.21-16.56.29:883][  0]LogD3D11RHI:     DedicatedSystemMemory : 0 bytes
[2022.03.21-16.56.29:883][  0]LogD3D11RHI:     SharedSystemMemory : 8486766592 bytes
[2022.03.21-16.56.29:883][  0]LogD3D11RHI:     AdapterLuid : 0 69441
[2022.03.21-16.56.29:931][  0]LogD3D11RHI: RHI has support for 64 bit atomics
[2022.03.21-16.56.29:931][  0]LogD3D11RHI: Async texture creation enabled
[2022.03.21-16.56.29:931][  0]LogD3D11RHI: Array index from any shader is supported
[2022.03.21-16.56.29:946][  0]LogD3D11RHI: GPU Timing Frequency: 1000.000000 (Debug: 2 1)
[2022.03.21-16.56.29:982][  0]LogRHI: GeForceNow SDK initialized: 1
[2022.03.21-16.56.30:249][  0]LogTargetPlatformManager: Display: Loaded TargetPlatform 'AllDesktop'
[2022.03.21-16.56.30:268][  0]LogTargetPlatformManager: Display: Loaded TargetPlatform 'Android'
[2022.03.21-16.56.30:268][  0]LogTargetPlatformManager: Display: Loaded TargetPlatform 'Android_ASTC'
[2022.03.21-16.56.30:268][  0]LogTargetPlatformManager: Display: Loaded TargetPlatform 'Android_DXT'
[2022.03.21-16.56.30:268][  0]LogTargetPlatformManager: Display: Loaded TargetPlatform 'Android_ETC2'
[2022.03.21-16.56.30:268][  0]LogTargetPlatformManager: Display: Loaded TargetPlatform 'AndroidClient'
[2022.03.21-16.56.30:268][  0]LogTargetPlatformManager: Display: Loaded TargetPlatform 'Android_ASTCClient'
[2022.03.21-16.56.30:268][  0]LogTargetPlatformManager: Display: Loaded TargetPlatform 'Android_DXTClient'
[2022.03.21-16.56.30:268][  0]LogTargetPlatformManager: Display: Loaded TargetPlatform 'Android_ETC2Client'
[2022.03.21-16.56.30:268][  0]LogTargetPlatformManager: Display: Loaded TargetPlatform 'Android_Multi'
[2022.03.21-16.56.30:268][  0]LogTargetPlatformManager: Display: Loaded TargetPlatform 'Android_MultiClient'
[2022.03.21-16.56.30:283][  0]LogTargetPlatformManager: Display: Loaded TargetPlatform 'IOSClient'
[2022.03.21-16.56.30:283][  0]LogTargetPlatformManager: Display: Loaded TargetPlatform 'IOS'
[2022.03.21-16.56.30:291][  0]LogTargetPlatformManager: Display: Loaded TargetPlatform 'Linux'
[2022.03.21-16.56.30:295][  0]LogTargetPlatformManager: Display: Loaded TargetPlatform 'LinuxNoEditor'
[2022.03.21-16.56.30:299][  0]LogTargetPlatformManager: Display: Loaded TargetPlatform 'LinuxClient'
[2022.03.21-16.56.30:302][  0]LogTargetPlatformManager: Display: Loaded TargetPlatform 'LinuxServer'
[2022.03.21-16.56.30:310][  0]LogTargetPlatformManager: Display: Loaded TargetPlatform 'LinuxAArch64NoEditor'
[2022.03.21-16.56.30:314][  0]LogTargetPlatformManager: Display: Loaded TargetPlatform 'LinuxAArch64Client'
[2022.03.21-16.56.30:317][  0]LogTargetPlatformManager: Display: Loaded TargetPlatform 'LinuxAArch64Server'
[2022.03.21-16.56.30:338][  0]LogTargetPlatformManager: Display: Loaded TargetPlatform 'Lumin'
[2022.03.21-16.56.30:338][  0]LogTargetPlatformManager: Display: Loaded TargetPlatform 'LuminClient'
[2022.03.21-16.56.30:345][  0]LogTargetPlatformManager: Display: Loaded TargetPlatform 'MacNoEditor'
[2022.03.21-16.56.30:349][  0]LogTargetPlatformManager: Display: Loaded TargetPlatform 'Mac'
[2022.03.21-16.56.30:353][  0]LogTargetPlatformManager: Display: Loaded TargetPlatform 'MacClient'
[2022.03.21-16.56.30:356][  0]LogTargetPlatformManager: Display: Loaded TargetPlatform 'MacServer'
[2022.03.21-16.56.30:364][  0]LogTargetPlatformManager: Display: Loaded TargetPlatform 'TVOSClient'
[2022.03.21-16.56.30:364][  0]LogTargetPlatformManager: Display: Loaded TargetPlatform 'TVOS'
[2022.03.21-16.56.30:372][  0]LogTargetPlatformManager: Display: Loaded TargetPlatform 'WindowsNoEditor'
[2022.03.21-16.56.30:375][  0]LogTargetPlatformManager: Display: Loaded TargetPlatform 'Windows'
[2022.03.21-16.56.30:379][  0]LogTargetPlatformManager: Display: Loaded TargetPlatform 'WindowsClient'
[2022.03.21-16.56.30:382][  0]LogTargetPlatformManager: Display: Loaded TargetPlatform 'WindowsServer'
[2022.03.21-16.56.30:382][  0]LogTargetPlatformManager: Display: Building Assets For Windows
[2022.03.21-16.56.30:388][  0]LogAudioDebug: Display: Lib vorbis DLL was dynamically loaded.
[2022.03.21-16.56.30:412][  0]LogTextureFormatOodle: Display: Oodle Texture 2.9.0 init RDO Off
[2022.03.21-16.56.30:438][  0]LogRendererCore: Ray tracing is disabled. Reason: r.RayTracing=0.
[2022.03.21-16.56.30:438][  0]LogShaderCompilers: Guid format shader working directory is -15 characters bigger than the processId version (../../../../../../Users/21010835/Documents/Unreal Projects/Drone/Intermediate/Shaders/WorkingDirectory/7964/).
[2022.03.21-16.56.30:438][  0]LogShaderCompilers: Cleaned the shader compiler working directory 'C:/Users/21010835/AppData/Local/Temp/UnrealShaderWorkingDir/9D0C2C794407A0E879A872B27E3DEF92/'.
[2022.03.21-16.56.30:438][  0]LogXGEController: Cannot use XGE Controller as Incredibuild is not installed on this machine.
[2022.03.21-16.56.30:438][  0]LogShaderCompilers: Cannot use XGE Shader Compiler as Incredibuild is not installed on this machine.
[2022.03.21-16.56.30:438][  0]LogShaderCompilers: Display: Using Local Shader Compiler.
[2022.03.21-16.56.31:079][  0]LogDerivedDataCache: Display: Max Cache Size: 512 MB
[2022.03.21-16.56.31:136][  0]LogDerivedDataCache: Loaded boot cache 0.06s 94MB C:/Users/21010835/AppData/Local/UnrealEngine/4.27/DerivedDataCache/Boot.ddc.
[2022.03.21-16.56.31:136][  0]LogDerivedDataCache: Display: Loaded Boot cache: C:/Users/21010835/AppData/Local/UnrealEngine/4.27/DerivedDataCache/Boot.ddc
[2022.03.21-16.56.31:136][  0]LogDerivedDataCache: FDerivedDataBackendGraph:  Pak pak cache file ../../../../../../Users/21010835/Documents/Unreal Projects/Drone/DerivedDataCache/DDC.ddp not found, will not use a pak cache.
[2022.03.21-16.56.31:136][  0]LogDerivedDataCache: Unable to find inner node Pak for hierarchical cache Hierarchy.
[2022.03.21-16.56.31:136][  0]LogDerivedDataCache: FDerivedDataBackendGraph:  CompressedPak pak cache file ../../../../../../Users/21010835/Documents/Unreal Projects/Drone/DerivedDataCache/Compressed.ddp not found, will not use a pak cache.
[2022.03.21-16.56.31:136][  0]LogDerivedDataCache: Unable to find inner node CompressedPak for hierarchical cache Hierarchy.
[2022.03.21-16.56.31:150][  0]LogDerivedDataCache: Display: Pak cache opened for reading ../../../Engine/DerivedDataCache/Compressed.ddp.
[2022.03.21-16.56.31:150][  0]LogDerivedDataCache: FDerivedDataBackendGraph:  EnterprisePak pak cache file ../../../Enterprise/DerivedDataCache/Compressed.ddp not found, will not use a pak cache.
[2022.03.21-16.56.31:150][  0]LogDerivedDataCache: Unable to find inner node EnterprisePak for hierarchical cache Hierarchy.
[2022.03.21-16.56.31:161][  0]LogDerivedDataCache: Speed tests for C:/Users/21010835/AppData/Local/UnrealEngine/Common/DerivedDataCache took 0.01 seconds
[2022.03.21-16.56.31:161][  0]LogDerivedDataCache: Display: Performance to C:/Users/21010835/AppData/Local/UnrealEngine/Common/DerivedDataCache: Latency=0.02ms. RandomReadSpeed=1373.04MBs, RandomWriteSpeed=93.81MBs. Assigned SpeedClass 'Local'
[2022.03.21-16.56.31:162][  0]LogDerivedDataCache: Using Local data cache path C:/Users/21010835/AppData/Local/UnrealEngine/Common/DerivedDataCache: Writable
[2022.03.21-16.56.31:162][  0]LogDerivedDataCache: Shared data cache path not found in *engine.ini, will not use an Shared cache.
[2022.03.21-16.56.31:162][  0]LogDerivedDataCache: Unable to find inner node Shared for hierarchical cache Hierarchy.
[2022.03.21-16.56.31:201][  0]LogSlate: Using FreeType 2.10.0
[2022.03.21-16.56.31:201][  0]LogSlate: SlateFontServices - WITH_FREETYPE: 1, WITH_HARFBUZZ: 1
[2022.03.21-16.56.31:224][  0]LogAssetRegistry: FAssetRegistry took 0.0023 seconds to start up
[2022.03.21-16.56.31:415][  0]LogInit: Selected Device Profile: [Windows]
[2022.03.21-16.56.31:416][  0]LogInit: Active device profile: [0000020A408A4700][0000020A40215740 49] Windows
[2022.03.21-16.56.31:416][  0]LogInit: Profiles: [0000020A408A4700][0000020A40215740 49] Windows, [0000020A40883100][0000020A41A3D8C0 49] WindowsNoEditor, [0000020A408A7300][0000020A3B319A40 49] WindowsServer, [0000020A40883A00][0000020A3B31DBC0 49] WindowsClient, [0000020A408A7500][0000020A414801C0 49] IOS, [0000020A40873F00][0000020A41484340 49] iPadAir, [0000020A40883500][0000020A413824C0 49] iPadAir2, [0000020A40804500][0000020A41A38740 49] IPadPro, [0000020A40804600][0000020A41386780 49] iPadAir3, [0000020A40870100][0000020A36A688C0 49] iPadAir4, [0000020A40806C00][0000020A36A6CA00 49] iPadMini2, [0000020A40872500][0000020A4162CB40 49] iPadMini3, [0000020A40807400][0000020A399C6CC0 49] iPadMini4, [0000020A40870F00][0000020A399CAE40 49] iPadMini5, [0000020A40803E00][0000020A41675100 49] iPhone6, [0000020A40803F00][0000020A41671140 49] iPodTouch6, [0000020A408A7900][0000020A4179B400 49] iPhone7, [0000020A408A6100][0000020A41797440 49] iPodTouch7, [0000020A40800400][0000020A4179F5C0 49] iPhone5S, [0000020A40807D00][0000020A41C55740 49] iPhone6Plus, [0000020A408A7400][0000020A41C598C0 49] iPhone6S, [0000020A40806000][0000020A41C5DA40 49] iPhone6SPlus, [0000020A408A4900][0000020A41C61BC0 49] iPhone7Plus, [0000020A40804E00][0000020A369EC1C0 49] iPhoneSE, [0000020A408A4200][0000020A36A04340 49] iPhone8, [0000020A40806400][0000020A41E1C4C0 49] iPhone8Plus, [0000020A408A5E00][0000020A41E20640 49] iPhoneX, [0000020A40807E00][0000020A41E247C0 49] iPhoneXS, [0000020A408A5600][0000020A41E28940 49] iPhoneXSMax, [0000020A40806500][0000020A36A70A80 49] iPhoneXR, [0000020A408A6A00][0000020A41E30BC0 49] iPhone11, [0000020A40807A00][0000020A41478D00 49] iPhone11Pro, [0000020A408A4F00][0000020A41E34E80 49] iPhone11ProMax, [0000020A40806300][0000020A41E39000 49] iPhoneSE2, [0000020A408A6700][0000020A41E3D180 49] iPhone12Mini, [0000020A40804700][0000020A41E41300 49] iPhone12, [0000020A408A7100][0000020A3994F480 49] iPhone12Pro, [0000020A40807500][0000020A39953600 49] iPhone12ProMax, [0000020A408A4800][0000020A39957780 49] iPadPro105, [0000020A40805C00][0000020A3995B900 49] iPadPro129, [0000020A408A4300][0000020A412EDA80 49] iPadPro97, [0000020A40805D00][0000020A412F1C00 49] iPadPro2_129, [0000020A408A4C00][0000020A412F4200 49] iPad5, [0000020A40807000][0000020A412F8380 49] iPad6, [0000020A408A6C00][0000020A412FC500 49] iPad7, [0000020A40806E00][0000020A41300680 49] iPad8, [0000020A408A5800][0000020A41304800 49] iPadPro11, [0000020A40805B00][0000020A41308980 49] iPadPro2_11, [0000020A408A5500][0000020A4130CB00 49] iPadPro3_129, [0000020A40806700][0000020A4147CC40 49] iPadPro4_129, [0000020A408A4100][0000020A41310D80 49] AppleTV, [0000020A40806B00][0000020A41314EC0 49] AppleTV4K, [0000020A408A5B00][0000020A4131D040 49] TVOS, [0000020A40804900][0000020A413211C0 49] Mac, [0000020A408A5700][0000020A41325340 49] MacClient, [0000020A40806F00][0000020A413294C0 49] MacNoEditor, [0000020A408A4D00][0000020A41475640 49] MacServer, [0000020A40804300][0000020A41E2D7C0 49] Linux, [0000020A408A6E00][0000020A4132D940 49] LinuxAArch64, [0000020A40805500][0000020A41331AC0 49] LinuxNoEditor, [0000020A408A6400][0000020A41E180C0 49] LinuxAArch64NoEditor, [0000020A40804200][0000020A4144C240 49] LinuxClient, [0000020A408A6D00][0000020A414503C0 49] LinuxAArch64Client, [0000020A40804C00][0000020A41454540 49] LinuxServer, [0000020A408A4400][0000020A414586C0 49] LinuxAArch64Server, [0000020A40805000][0000020A4145C840 49] Android, [0000020A40873900][0000020A414609C0 49] Android_Low, [0000020A40801B00][0000020A41464B40 49] Android_Mid, [0000020A40873000][0000020A41468CC0 49] Android_High, [0000020A40802300][0000020A41318E00 49] Android_Default, [0000020A40872000][0000020A4146CF40 49] Android_Adreno4xx, [0000020A40800100][0000020A41471080 49] Android_Adreno5xx_Low, [0000020A40870B00][0000020A413351C0 49] Android_Adreno5xx, [0000020A40801800][0000020A4133D340 49] Android_Adreno6xx, [0000020A40871100][0000020A413414C0 49] Android_Adreno6xx_Vulkan, [0000020A40800800][0000020A41345640 49] Android_Mali_T6xx, [0000020A40873600][0000020A413497C0 49] Android_Mali_T7xx, [0000020A40800D00][0000020A4134D940 49] Android_Mali_T8xx, [0000020A40873C00][0000020A41351AC0 49] Android_Mali_G71, [0000020A40801500][0000020A413540C0 49] Android_Mali_G72, [0000020A40873E00][0000020A41358240 49] Android_Mali_G72_Vulkan, [0000020A40803D00][0000020A4135C3C0 49] Android_Mali_G76, [0000020A40873A00][0000020A41360540 49] Android_Mali_G76_Vulkan, [0000020A40803600][0000020A413646C0 49] Android_Mali_G77, [0000020A40872200][0000020A41368840 49] Android_Mali_G77_Vulkan, [0000020A40801200][0000020A4136C9C0 49] Android_Mali_G78, [0000020A40870A00][0000020A41370B40 49] Android_Mali_G78_Vulkan, [0000020A40803000][0000020A41374CC0 49] Android_Mali_G710, [0000020A40871400][0000020A41378E40 49] Android_Mali_G710_Vulkan, [0000020A40800700][0000020A41338F80 49] Android_Vulkan_SM5, [0000020A40871800][0000020A4137D0C0 49] Android_PowerVR_G6xxx, [0000020A40800E00][0000020A41A51200 49] Android_PowerVR_GT7xxx, [0000020A40870200][0000020A41A55340 49] Android_PowerVR_GE8xxx, [0000020A40800600][0000020A41A5D4C0 49] Android_PowerVR_GM9xxx, [0000020A40872600][0000020A41A61640 49] Android_PowerVR_GM9xxx_Vulkan, [0000020A40804F00][0000020A41A657C0 49] Android_TegraK1, [0000020A40872A00][0000020A41A69940 49] Android_Unknown_Vulkan, [0000020A40804D00][0000020A41A6DAC0 49] Lumin, [0000020A40871200][0000020A41A700C0 49] Lumin_Desktop, [0000020A40804B00][0000020A41A74240 49] HoloLens, 
[2022.03.21-16.56.31:520][  0]LogMeshReduction: Using QuadricMeshReduction for automatic static mesh reduction
[2022.03.21-16.56.31:520][  0]LogMeshReduction: Using SimplygonMeshReduction for automatic skeletal mesh reduction
[2022.03.21-16.56.31:520][  0]LogMeshReduction: Using ProxyLODMeshReduction for automatic mesh merging
[2022.03.21-16.56.31:521][  0]LogMeshReduction: No distributed automatic mesh merging module available
[2022.03.21-16.56.31:521][  0]LogMeshMerging: No distributed automatic mesh merging module available
[2022.03.21-16.56.31:533][  0]LogNetVersion: Drone 1.0.0, NetCL: 17155196, EngineNetVer: 17, GameNetVer: 0 (Checksum: 3852391367)
[2022.03.21-16.56.31:845][  0]LogTexture: Default maximum texture size for cubemaps generated from long-lat sources has been changed from 512 to unlimited. In order to preserve old behaiour for '/Engine/MapTemplates/Sky/DaylightAmbientCubemap.DaylightAmbientCubemap', its maximum texture size has been explicitly set to 512.
[2022.03.21-16.56.31:893][  0]LogHMD: PokeAHoleMaterial loaded successfully
[2022.03.21-16.56.31:898][  0]LogUObjectArray: 17178 objects as part of root set at end of initial load.
[2022.03.21-16.56.31:898][  0]LogUObjectAllocator: 4302048 out of 0 bytes used by permanent object pool.
[2022.03.21-16.56.31:898][  0]LogUObjectArray: CloseDisregardForGC: 0/0 objects in disregard for GC pool
[2022.03.21-16.56.32:019][  0]LogNiagaraDebuggerClient: Niagara Debugger Client Initialized | Session: 99E637674AB946954F34DE9F6ACBD0E2 | Instance: 6AB773584A2C876E2F165FA30995A4D3 (310-09-7964).
[2022.03.21-16.56.32:047][  0]LogTcpMessaging: Initializing TcpMessaging bridge
[2022.03.21-16.56.32:051][  0]LogUdpMessaging: Initializing bridge on interface 0.0.0.0:0 to multicast group 230.0.0.1:6666.
[2022.03.21-16.56.32:213][  0]LogPython: Using Python 3.7.7
[2022.03.21-16.56.32:881][  0]SourceControl: Source control is disabled
[2022.03.21-16.56.32:881][  0]SourceControl: Source control is disabled
[2022.03.21-16.56.32:884][  0]SourceControl: Source control is disabled
[2022.03.21-16.56.32:886][  0]SourceControl: Source control is disabled
[2022.03.21-16.56.32:893][  0]SourceControl: Source control is disabled
[2022.03.21-16.56.32:914][  0]LogUProjectInfo: Found projects:
[2022.03.21-16.56.32:919][  0]LogVSAccessor: Display: Unable to create Visual Studio setup instance: 80040154
[2022.03.21-16.56.32:920][  0]LogVSAccessor: Display: Unable to create Visual Studio setup instance: 80040154
[2022.03.21-16.56.32:920][  0]LogVSAccessor: Display: Unable to create Visual Studio setup instance: 80040154
[2022.03.21-16.56.32:975][  0]LogOpenImageDenoise: OIDN starting up
[2022.03.21-16.56.32:996][  0]LogAudioCaptureCore: Display: No Audio Capture implementations found. Audio input will be silent.
[2022.03.21-16.56.32:996][  0]LogAudioCaptureCore: Display: No Audio Capture implementations found. Audio input will be silent.
[2022.03.21-16.56.33:001][  0]LogAndroidPermission: UAndroidPermissionCallbackProxy::GetInstance
[2022.03.21-16.56.33:097][  0]LogCollectionManager: Loaded 0 collections in 0.001697 seconds
[2022.03.21-16.56.33:117][  0]LogFileCache: Scanning file cache for directory 'C:/Users/21010835/Documents/Unreal Projects/Drone/Saved/Collections/' took 0.00s
[2022.03.21-16.56.33:117][  0]LogFileCache: Scanning file cache for directory 'C:/Users/21010835/Documents/Unreal Projects/Drone/Content/Developers/21010835/Collections/' took 0.00s
[2022.03.21-16.56.33:117][  0]LogFileCache: Scanning file cache for directory 'C:/Users/21010835/Documents/Unreal Projects/Drone/Content/Collections/' took 0.00s
[2022.03.21-16.56.33:117][  0]LogOcInput: OculusInput pre-init called
[2022.03.21-16.56.33:315][  0]LogEngine: Initializing Engine...
[2022.03.21-16.56.33:317][  0]LogHMD: Failed to enumerate extensions. Please check that you have a valid OpenXR runtime installed.
[2022.03.21-16.56.33:317][  0]LogHMD: Failed to initialize OpenVR with code 110
[2022.03.21-16.56.33:317][  0]LogMagicLeap: Warning: VR disabled because ZI is not enabled.  To enable, in the editor, Edit -> Project Settings -> Plugins -> Magic Leap Plugin -> Enable Zero Iteration
[2022.03.21-16.56.33:318][  0]LogStats: UGameplayTagsManager::InitializeManager -  0.000 s
[2022.03.21-16.56.33:415][  0]LogInit: Initializing FReadOnlyCVARCache
[2022.03.21-16.56.33:422][  0]LogAIModule: Creating AISystem for world Untitled
[2022.03.21-16.56.33:439][  0]LogAudio: Display: Initializing Audio Device Manager...
[2022.03.21-16.56.33:442][  0]LogAudio: Display: Loading Default Audio Settings Objects...
[2022.03.21-16.56.33:442][  0]LogAudio: Display: No default SoundConcurrencyObject specified (or failed to load).
[2022.03.21-16.56.33:442][  0]LogAudio: Display: Audio Device Manager Initialized
[2022.03.21-16.56.33:443][  0]LogAudio: Display: Creating Audio Device:                 Id: 1, Scope: Shared, Realtime: True
[2022.03.21-16.56.33:443][  0]LogAudioMixer: Display: Audio Mixer Platform Settings:
[2022.03.21-16.56.33:443][  0]LogAudioMixer: Display: 	Sample Rate:						  48000
[2022.03.21-16.56.33:443][  0]LogAudioMixer: Display: 	Callback Buffer Frame Size Requested: 1024
[2022.03.21-16.56.33:443][  0]LogAudioMixer: Display: 	Callback Buffer Frame Size To Use:	  1024
[2022.03.21-16.56.33:443][  0]LogAudioMixer: Display: 	Number of buffers to queue:			  2
[2022.03.21-16.56.33:443][  0]LogAudioMixer: Display: 	Max Channels (voices):				  32
[2022.03.21-16.56.33:443][  0]LogAudioMixer: Display: 	Number of Async Source Workers:		  0
[2022.03.21-16.56.33:443][  0]LogAudio: Display: AudioDevice MaxSources: 32
[2022.03.21-16.56.33:443][  0]LogAudio: Display: Audio Spatialization Plugin: None (built-in).
[2022.03.21-16.56.33:443][  0]LogAudio: Display: Audio Reverb Plugin: None (built-in).
[2022.03.21-16.56.33:443][  0]LogAudio: Display: Audio Occlusion Plugin: None (built-in).
[2022.03.21-16.56.33:443][  0]LogAudioMixer: Display: Initializing audio mixer.
[2022.03.21-16.56.33:471][  0]LogAudioMixer: Display: Using Audio Device Unknown
[2022.03.21-16.56.33:472][  0]LogAudioMixer: Display: Initializing Sound Submixes...
[2022.03.21-16.56.33:473][  0]LogAudioMixer: Display: Creating Master Submix 'MasterSubmixDefault'
[2022.03.21-16.56.33:473][  0]LogAudioMixer: Display: Creating Master Submix 'MasterReverbSubmixDefault'
[2022.03.21-16.56.33:474][  0]LogAudioMixer: Display: Creating Master Submix 'MasterEQSubmixDefault'
[2022.03.21-16.56.33:474][  0]LogAudioMixer: FMixerPlatformXAudio2::StartAudioStream() called
[2022.03.21-16.56.33:474][  0]LogAudioMixer: Display: Output buffers initialized: Frames=1024, Channels=2, Samples=2048
[2022.03.21-16.56.33:475][  0]LogAudioMixer: Display: Starting AudioMixerPlatformInterface::RunInternal()
[2022.03.21-16.56.33:475][  0]LogAudioMixer: Display: StartRunningNullDevice() called
[2022.03.21-16.56.33:475][  0]LogInit: FAudioDevice initialized.
[2022.03.21-16.56.33:475][  0]LogAudio: Display: Audio Device (ID: 1) registered with world 'Untitled'.
[2022.03.21-16.56.33:475][  0]LogNetVersion: Set ProjectVersion to 1.0.0.0. Version Checksum will be recalculated on next use.
[2022.03.21-16.56.33:592][  0]LogDerivedDataCache: Saved boot cache 0.12s 94MB C:/Users/21010835/AppData/Local/UnrealEngine/4.27/DerivedDataCache/Boot.ddc.
[2022.03.21-16.56.33:593][  0]LogInit: Texture streaming: Enabled
[2022.03.21-16.56.33:602][  0]LogAnalytics: Display: [UEEditor.Rocket.Release] APIServer = https://datarouter.ol.epicgames.com/. AppVersion = 4.27.2-18319896+++UE4+Release-4.27
[2022.03.21-16.56.33:604][  0]LogEngineSessionManager: EngineSessionManager initialized
[2022.03.21-16.56.33:604][  0]LogEditorSessionSummary: Verbose: Initializing EditorSessionSummaryWriter for editor session tracking
[2022.03.21-16.56.33:606][  0]LogEditorSessionSummary: EditorSessionSummaryWriter initialized
[2022.03.21-16.56.33:624][  0]LogInit: Transaction tracking system initialized
[2022.03.21-16.56.33:640][  0]BlueprintLog: New page: Editor Load
[2022.03.21-16.56.33:684][  0]LocalizationService: Localization service is disabled
[2022.03.21-16.56.33:701][  0]TimingProfiler: Initialize
[2022.03.21-16.56.33:701][  0]TimingProfiler: OnSessionChanged
[2022.03.21-16.56.33:701][  0]LoadingProfiler: Initialize
[2022.03.21-16.56.33:701][  0]LoadingProfiler: OnSessionChanged
[2022.03.21-16.56.33:701][  0]NetworkingProfiler: Initialize
[2022.03.21-16.56.33:701][  0]NetworkingProfiler: OnSessionChanged
[2022.03.21-16.56.33:701][  0]MemoryProfiler: Initialize
[2022.03.21-16.56.33:701][  0]MemoryProfiler: OnSessionChanged
[2022.03.21-16.56.33:744][  0]LogVSAccessor: Display: Unable to create Visual Studio setup instance: 80040154
[2022.03.21-16.56.33:744][  0]LogVSAccessor: Display: Unable to create Visual Studio setup instance: 80040154
[2022.03.21-16.56.33:745][  0]LogVSAccessor: Display: Unable to create Visual Studio setup instance: 80040154
[2022.03.21-16.56.33:806][  0]LogCook: Display: CookSettings for Memory: MemoryMaxUsedVirtual 0MiB, MemoryMaxUsedPhysical 16384MiB, MemoryMinFreeVirtual 0MiB, MemoryMinFreePhysical 1024MiB
[2022.03.21-16.56.33:806][  0]LogCook: Display: Mobile HDR setting 1
[2022.03.21-16.56.33:945][  0]LogFileCache: Scanning file cache for directory 'C:/Users/21010835/Documents/Unreal Projects/Drone/Content/' took 0.00s
[2022.03.21-16.56.34:107][  0]LogInit: Display: Engine is initialized. Leaving FEngineLoop::Init()
[2022.03.21-16.56.34:110][  0]SourceControl: Source control is disabled
[2022.03.21-16.56.34:110][  0]LogUnrealEdMisc: Loading editor; pre map load, took 5.660
[2022.03.21-16.56.34:110][  0]Cmd: MAP LOAD FILE="../../../Engine/Content/Maps/Templates/Template_Default.umap" TEMPLATE=1 SHOWPROGRESS=1 FEATURELEVEL=3
[2022.03.21-16.56.34:111][  0]LightingResults: New page: Lighting Build
[2022.03.21-16.56.34:137][  0]LogWorld: UWorld::CleanupWorld for Untitled, bSessionEnded=true, bCleanupResources=true
[2022.03.21-16.56.34:137][  0]LogSlate: InvalidateAllWidgets triggered.  All widgets were invalidated
[2022.03.21-16.56.34:137][  0]MapCheck: New page: Map Check
[2022.03.21-16.56.34:137][  0]LightingResults: New page: Lighting Build
[2022.03.21-16.56.34:141][  0]LogAudio: Display: Audio Device unregistered from world 'None'.
[2022.03.21-16.56.34:144][  0]LogUObjectHash: Compacting FUObjectHashTables data took   0.70ms
[2022.03.21-16.56.34:187][  0]LogTexture: Display: Building textures: DeprecatedTextureEB9CBE3C423008B5E8E130901E171C89 (BGRA8, 128X128)
[2022.03.21-16.56.34:190][  0]LogAudio: Display: Audio Device (ID: 1) registered with world 'Untitled_1'.
[2022.03.21-16.56.34:191][  0]LogAIModule: Creating AISystem for world Untitled_1
[2022.03.21-16.56.34:193][  0]LogEditorServer: Finished looking for orphan Actors (0.000 secs)
[2022.03.21-16.56.34:199][  0]LogUObjectHash: Compacting FUObjectHashTables data took   0.74ms
[2022.03.21-16.56.34:199][  0]Cmd: MAP CHECKDEP NOCLEARLOG
[2022.03.21-16.56.34:199][  0]MapCheck: Map check complete: 0 Error(s), 0 Warning(s), took 0.146ms to complete.
[2022.03.21-16.56.34:199][  0]LogFileHelpers: Loading map 'Template_Default' took 0.089
[2022.03.21-16.56.34:201][  0]LogUnrealEdMisc: Total Editor Startup Time, took 5.751
[2022.03.21-16.56.34:328][  0]LogSlate: Updating window title bar state: overlay mode, drag disabled, window buttons hidden, title bar hidden
[2022.03.21-16.56.34:333][  0]LogSlate: Updating window title bar state: overlay mode, drag disabled, window buttons hidden, title bar hidden
[2022.03.21-16.56.34:338][  0]LogSlate: Updating window title bar state: overlay mode, drag disabled, window buttons hidden, title bar hidden
[2022.03.21-16.56.34:343][  0]LogSlate: Updating window title bar state: overlay mode, drag disabled, window buttons hidden, title bar hidden
[2022.03.21-16.56.34:354][  0]LogNativeClassHierarchy: Verbose: Native class hierarchy populated in 0.0079 seconds. Added 3822 classes and 928 folders.
[2022.03.21-16.56.34:356][  0]LogNativeClassHierarchy: Verbose: Native class hierarchy updated for 'WidgetCarousel' in 0.0002 seconds. Added 0 classes and 0 folders.
[2022.03.21-16.56.34:357][  0]LogPakFile: PakFile PrimaryIndexSize=187
[2022.03.21-16.56.34:357][  0]LogPakFile: PakFile PathHashIndexSize=101
[2022.03.21-16.56.34:357][  0]LogPakFile: PakFile FullDirectoryIndexSize=148
[2022.03.21-16.56.34:357][  0]LogShaderLibrary: Display: ShaderCodeLibraryPakFileMountedCallback: PakFile 'C:/Program Files (x86)/Epic Games/UE_4.27/FeaturePacks/FP_FirstPerson.upack' (chunk index -1, root 'root:/') mounted
[2022.03.21-16.56.34:357][  0]LogShaderLibrary: Display: ShaderCodeLibraryPakFileMountedCallback: pending pak file info (ChunkID:-1 Root:root:/ File:C:/Program Files (x86)/Epic Games/UE_4.27/FeaturePacks/FP_FirstPerson.upack)
[2022.03.21-16.56.34:357][  0]LogPakFile: OnPakFileMounted2Time == 0.000051
[2022.03.21-16.56.34:358][  0]LogPakFile: PakFile PrimaryIndexSize=189
[2022.03.21-16.56.34:358][  0]LogPakFile: PakFile PathHashIndexSize=101
[2022.03.21-16.56.34:358][  0]LogPakFile: PakFile FullDirectoryIndexSize=152
[2022.03.21-16.56.34:358][  0]LogShaderLibrary: Display: ShaderCodeLibraryPakFileMountedCallback: PakFile 'C:/Program Files (x86)/Epic Games/UE_4.27/FeaturePacks/FP_FirstPersonBP.upack' (chunk index -1, root 'root:/') mounted
[2022.03.21-16.56.34:358][  0]LogShaderLibrary: Display: ShaderCodeLibraryPakFileMountedCallback: pending pak file info (ChunkID:-1 Root:root:/ File:C:/Program Files (x86)/Epic Games/UE_4.27/FeaturePacks/FP_FirstPersonBP.upack)
[2022.03.21-16.56.34:358][  0]LogPakFile: OnPakFileMounted2Time == 0.000035
[2022.03.21-16.56.34:358][  0]LogPakFile: PakFile PrimaryIndexSize=191
[2022.03.21-16.56.34:358][  0]LogPakFile: PakFile PathHashIndexSize=101
[2022.03.21-16.56.34:358][  0]LogPakFile: PakFile FullDirectoryIndexSize=160
[2022.03.21-16.56.34:358][  0]LogShaderLibrary: Display: ShaderCodeLibraryPakFileMountedCallback: PakFile 'C:/Program Files (x86)/Epic Games/UE_4.27/FeaturePacks/MobileStarterContent.upack' (chunk index -1, root 'root:/') mounted
[2022.03.21-16.56.34:358][  0]LogShaderLibrary: Display: ShaderCodeLibraryPakFileMountedCallback: pending pak file info (ChunkID:-1 Root:root:/ File:C:/Program Files (x86)/Epic Games/UE_4.27/FeaturePacks/MobileStarterContent.upack)
[2022.03.21-16.56.34:358][  0]LogPakFile: OnPakFileMounted2Time == 0.000032
[2022.03.21-16.56.34:359][  0]LogPakFile: PakFile PrimaryIndexSize=185
[2022.03.21-16.56.34:359][  0]LogPakFile: PakFile PathHashIndexSize=101
[2022.03.21-16.56.34:359][  0]LogPakFile: PakFile FullDirectoryIndexSize=148
[2022.03.21-16.56.34:359][  0]LogShaderLibrary: Display: ShaderCodeLibraryPakFileMountedCallback: PakFile 'C:/Program Files (x86)/Epic Games/UE_4.27/FeaturePacks/StarterContent.upack' (chunk index -1, root 'root:/') mounted
[2022.03.21-16.56.34:359][  0]LogShaderLibrary: Display: ShaderCodeLibraryPakFileMountedCallback: pending pak file info (ChunkID:-1 Root:root:/ File:C:/Program Files (x86)/Epic Games/UE_4.27/FeaturePacks/StarterContent.upack)
[2022.03.21-16.56.34:359][  0]LogPakFile: OnPakFileMounted2Time == 0.000033
[2022.03.21-16.56.34:359][  0]LogPakFile: PakFile PrimaryIndexSize=190
[2022.03.21-16.56.34:359][  0]LogPakFile: PakFile PathHashIndexSize=101
[2022.03.21-16.56.34:359][  0]LogPakFile: PakFile FullDirectoryIndexSize=154
[2022.03.21-16.56.34:359][  0]LogShaderLibrary: Display: ShaderCodeLibraryPakFileMountedCallback: PakFile 'C:/Program Files (x86)/Epic Games/UE_4.27/FeaturePacks/TP_2DSideScroller.upack' (chunk index -1, root 'root:/') mounted
[2022.03.21-16.56.34:359][  0]LogShaderLibrary: Display: ShaderCodeLibraryPakFileMountedCallback: pending pak file info (ChunkID:-1 Root:root:/ File:C:/Program Files (x86)/Epic Games/UE_4.27/FeaturePacks/TP_2DSideScroller.upack)
[2022.03.21-16.56.34:359][  0]LogPakFile: OnPakFileMounted2Time == 0.000031
[2022.03.21-16.56.34:360][  0]LogPakFile: PakFile PrimaryIndexSize=192
[2022.03.21-16.56.34:360][  0]LogPakFile: PakFile PathHashIndexSize=101
[2022.03.21-16.56.34:360][  0]LogPakFile: PakFile FullDirectoryIndexSize=158
[2022.03.21-16.56.34:360][  0]LogShaderLibrary: Display: ShaderCodeLibraryPakFileMountedCallback: PakFile 'C:/Program Files (x86)/Epic Games/UE_4.27/FeaturePacks/TP_2DSideScrollerBP.upack' (chunk index -1, root 'root:/') mounted
[2022.03.21-16.56.34:360][  0]LogShaderLibrary: Display: ShaderCodeLibraryPakFileMountedCallback: pending pak file info (ChunkID:-1 Root:root:/ File:C:/Program Files (x86)/Epic Games/UE_4.27/FeaturePacks/TP_2DSideScrollerBP.upack)
[2022.03.21-16.56.34:360][  0]LogPakFile: OnPakFileMounted2Time == 0.000032
[2022.03.21-16.56.34:360][  0]LogPakFile: PakFile PrimaryIndexSize=182
[2022.03.21-16.56.34:360][  0]LogPakFile: PakFile PathHashIndexSize=101
[2022.03.21-16.56.34:360][  0]LogPakFile: PakFile FullDirectoryIndexSize=138
[2022.03.21-16.56.34:360][  0]LogShaderLibrary: Display: ShaderCodeLibraryPakFileMountedCallback: PakFile 'C:/Program Files (x86)/Epic Games/UE_4.27/FeaturePacks/TP_Flying.upack' (chunk index -1, root 'root:/') mounted
[2022.03.21-16.56.34:360][  0]LogShaderLibrary: Display: ShaderCodeLibraryPakFileMountedCallback: pending pak file info (ChunkID:-1 Root:root:/ File:C:/Program Files (x86)/Epic Games/UE_4.27/FeaturePacks/TP_Flying.upack)
[2022.03.21-16.56.34:360][  0]LogPakFile: OnPakFileMounted2Time == 0.000033
[2022.03.21-16.56.34:361][  0]LogPakFile: PakFile PrimaryIndexSize=184
[2022.03.21-16.56.34:361][  0]LogPakFile: PakFile PathHashIndexSize=101
[2022.03.21-16.56.34:361][  0]LogPakFile: PakFile FullDirectoryIndexSize=142
[2022.03.21-16.56.34:361][  0]LogShaderLibrary: Display: ShaderCodeLibraryPakFileMountedCallback: PakFile 'C:/Program Files (x86)/Epic Games/UE_4.27/FeaturePacks/TP_FlyingBP.upack' (chunk index -1, root 'root:/') mounted
[2022.03.21-16.56.34:361][  0]LogShaderLibrary: Display: ShaderCodeLibraryPakFileMountedCallback: pending pak file info (ChunkID:-1 Root:root:/ File:C:/Program Files (x86)/Epic Games/UE_4.27/FeaturePacks/TP_FlyingBP.upack)
[2022.03.21-16.56.34:361][  0]LogPakFile: OnPakFileMounted2Time == 0.000031
[2022.03.21-16.56.34:361][  0]LogPakFile: PakFile PrimaryIndexSize=188
[2022.03.21-16.56.34:361][  0]LogPakFile: PakFile PathHashIndexSize=101
[2022.03.21-16.56.34:361][  0]LogPakFile: PakFile FullDirectoryIndexSize=150
[2022.03.21-16.56.34:361][  0]LogShaderLibrary: Display: ShaderCodeLibraryPakFileMountedCallback: PakFile 'C:/Program Files (x86)/Epic Games/UE_4.27/FeaturePacks/TP_HandheldARBP.upack' (chunk index -1, root 'root:/') mounted
[2022.03.21-16.56.34:361][  0]LogShaderLibrary: Display: ShaderCodeLibraryPakFileMountedCallback: pending pak file info (ChunkID:-1 Root:root:/ File:C:/Program Files (x86)/Epic Games/UE_4.27/FeaturePacks/TP_HandheldARBP.upack)
[2022.03.21-16.56.34:361][  0]LogPakFile: OnPakFileMounted2Time == 0.000031
[2022.03.21-16.56.34:362][  0]LogPakFile: PakFile PrimaryIndexSize=182
[2022.03.21-16.56.34:362][  0]LogPakFile: PakFile PathHashIndexSize=101
[2022.03.21-16.56.34:362][  0]LogPakFile: PakFile FullDirectoryIndexSize=138
[2022.03.21-16.56.34:362][  0]LogShaderLibrary: Display: ShaderCodeLibraryPakFileMountedCallback: PakFile 'C:/Program Files (x86)/Epic Games/UE_4.27/FeaturePacks/TP_Puzzle.upack' (chunk index -1, root 'root:/') mounted
[2022.03.21-16.56.34:362][  0]LogShaderLibrary: Display: ShaderCodeLibraryPakFileMountedCallback: pending pak file info (ChunkID:-1 Root:root:/ File:C:/Program Files (x86)/Epic Games/UE_4.27/FeaturePacks/TP_Puzzle.upack)
[2022.03.21-16.56.34:362][  0]LogPakFile: OnPakFileMounted2Time == 0.000031
[2022.03.21-16.56.34:362][  0]LogPakFile: PakFile PrimaryIndexSize=184
[2022.03.21-16.56.34:362][  0]LogPakFile: PakFile PathHashIndexSize=101
[2022.03.21-16.56.34:362][  0]LogPakFile: PakFile FullDirectoryIndexSize=142
[2022.03.21-16.56.34:362][  0]LogShaderLibrary: Display: ShaderCodeLibraryPakFileMountedCallback: PakFile 'C:/Program Files (x86)/Epic Games/UE_4.27/FeaturePacks/TP_PuzzleBP.upack' (chunk index -1, root 'root:/') mounted
[2022.03.21-16.56.34:362][  0]LogShaderLibrary: Display: ShaderCodeLibraryPakFileMountedCallback: pending pak file info (ChunkID:-1 Root:root:/ File:C:/Program Files (x86)/Epic Games/UE_4.27/FeaturePacks/TP_PuzzleBP.upack)
[2022.03.21-16.56.34:362][  0]LogPakFile: OnPakFileMounted2Time == 0.000031
[2022.03.21-16.56.34:363][  0]LogPakFile: PakFile PrimaryIndexSize=183
[2022.03.21-16.56.34:363][  0]LogPakFile: PakFile PathHashIndexSize=101
[2022.03.21-16.56.34:363][  0]LogPakFile: PakFile FullDirectoryIndexSize=140
[2022.03.21-16.56.34:363][  0]LogShaderLibrary: Display: ShaderCodeLibraryPakFileMountedCallback: PakFile 'C:/Program Files (x86)/Epic Games/UE_4.27/FeaturePacks/TP_Rolling.upack' (chunk index -1, root 'root:/') mounted
[2022.03.21-16.56.34:363][  0]LogShaderLibrary: Display: ShaderCodeLibraryPakFileMountedCallback: pending pak file info (ChunkID:-1 Root:root:/ File:C:/Program Files (x86)/Epic Games/UE_4.27/FeaturePacks/TP_Rolling.upack)
[2022.03.21-16.56.34:363][  0]LogPakFile: OnPakFileMounted2Time == 0.000031
[2022.03.21-16.56.34:363][  0]LogPakFile: PakFile PrimaryIndexSize=185
[2022.03.21-16.56.34:363][  0]LogPakFile: PakFile PathHashIndexSize=101
[2022.03.21-16.56.34:363][  0]LogPakFile: PakFile FullDirectoryIndexSize=144
[2022.03.21-16.56.34:363][  0]LogShaderLibrary: Display: ShaderCodeLibraryPakFileMountedCallback: PakFile 'C:/Program Files (x86)/Epic Games/UE_4.27/FeaturePacks/TP_RollingBP.upack' (chunk index -1, root 'root:/') mounted
[2022.03.21-16.56.34:363][  0]LogShaderLibrary: Display: ShaderCodeLibraryPakFileMountedCallback: pending pak file info (ChunkID:-1 Root:root:/ File:C:/Program Files (x86)/Epic Games/UE_4.27/FeaturePacks/TP_RollingBP.upack)
[2022.03.21-16.56.34:363][  0]LogPakFile: OnPakFileMounted2Time == 0.000031
[2022.03.21-16.56.34:364][  0]LogPakFile: PakFile PrimaryIndexSize=188
[2022.03.21-16.56.34:364][  0]LogPakFile: PakFile PathHashIndexSize=101
[2022.03.21-16.56.34:364][  0]LogPakFile: PakFile FullDirectoryIndexSize=150
[2022.03.21-16.56.34:364][  0]LogShaderLibrary: Display: ShaderCodeLibraryPakFileMountedCallback: PakFile 'C:/Program Files (x86)/Epic Games/UE_4.27/FeaturePacks/TP_SideScroller.upack' (chunk index -1, root 'root:/') mounted
[2022.03.21-16.56.34:364][  0]LogShaderLibrary: Display: ShaderCodeLibraryPakFileMountedCallback: pending pak file info (ChunkID:-1 Root:root:/ File:C:/Program Files (x86)/Epic Games/UE_4.27/FeaturePacks/TP_SideScroller.upack)
[2022.03.21-16.56.34:364][  0]LogPakFile: OnPakFileMounted2Time == 0.000037
[2022.03.21-16.56.34:364][  0]LogPakFile: PakFile PrimaryIndexSize=190
[2022.03.21-16.56.34:364][  0]LogPakFile: PakFile PathHashIndexSize=101
[2022.03.21-16.56.34:364][  0]LogPakFile: PakFile FullDirectoryIndexSize=154
[2022.03.21-16.56.34:364][  0]LogShaderLibrary: Display: ShaderCodeLibraryPakFileMountedCallback: PakFile 'C:/Program Files (x86)/Epic Games/UE_4.27/FeaturePacks/TP_SideScrollerBP.upack' (chunk index -1, root 'root:/') mounted
[2022.03.21-16.56.34:364][  0]LogShaderLibrary: Display: ShaderCodeLibraryPakFileMountedCallback: pending pak file info (ChunkID:-1 Root:root:/ File:C:/Program Files (x86)/Epic Games/UE_4.27/FeaturePacks/TP_SideScrollerBP.upack)
[2022.03.21-16.56.34:364][  0]LogPakFile: OnPakFileMounted2Time == 0.000038
[2022.03.21-16.56.34:365][  0]LogPakFile: PakFile PrimaryIndexSize=187
[2022.03.21-16.56.34:365][  0]LogPakFile: PakFile PathHashIndexSize=101
[2022.03.21-16.56.34:365][  0]LogPakFile: PakFile FullDirectoryIndexSize=148
[2022.03.21-16.56.34:365][  0]LogShaderLibrary: Display: ShaderCodeLibraryPakFileMountedCallback: PakFile 'C:/Program Files (x86)/Epic Games/UE_4.27/FeaturePacks/TP_ThirdPerson.upack' (chunk index -1, root 'root:/') mounted
[2022.03.21-16.56.34:365][  0]LogShaderLibrary: Display: ShaderCodeLibraryPakFileMountedCallback: pending pak file info (ChunkID:-1 Root:root:/ File:C:/Program Files (x86)/Epic Games/UE_4.27/FeaturePacks/TP_ThirdPerson.upack)
[2022.03.21-16.56.34:365][  0]LogPakFile: OnPakFileMounted2Time == 0.000031
[2022.03.21-16.56.34:365][  0]LogPakFile: PakFile PrimaryIndexSize=189
[2022.03.21-16.56.34:365][  0]LogPakFile: PakFile PathHashIndexSize=101
[2022.03.21-16.56.34:365][  0]LogPakFile: PakFile FullDirectoryIndexSize=152
[2022.03.21-16.56.34:365][  0]LogShaderLibrary: Display: ShaderCodeLibraryPakFileMountedCallback: PakFile 'C:/Program Files (x86)/Epic Games/UE_4.27/FeaturePacks/TP_ThirdPersonBP.upack' (chunk index -1, root 'root:/') mounted
[2022.03.21-16.56.34:365][  0]LogShaderLibrary: Display: ShaderCodeLibraryPakFileMountedCallback: pending pak file info (ChunkID:-1 Root:root:/ File:C:/Program Files (x86)/Epic Games/UE_4.27/FeaturePacks/TP_ThirdPersonBP.upack)
[2022.03.21-16.56.34:365][  0]LogPakFile: OnPakFileMounted2Time == 0.000031
[2022.03.21-16.56.34:366][  0]LogPakFile: PakFile PrimaryIndexSize=183
[2022.03.21-16.56.34:366][  0]LogPakFile: PakFile PathHashIndexSize=101
[2022.03.21-16.56.34:366][  0]LogPakFile: PakFile FullDirectoryIndexSize=140
[2022.03.21-16.56.34:366][  0]LogShaderLibrary: Display: ShaderCodeLibraryPakFileMountedCallback: PakFile 'C:/Program Files (x86)/Epic Games/UE_4.27/FeaturePacks/TP_TopDown.upack' (chunk index -1, root 'root:/') mounted
[2022.03.21-16.56.34:366][  0]LogShaderLibrary: Display: ShaderCodeLibraryPakFileMountedCallback: pending pak file info (ChunkID:-1 Root:root:/ File:C:/Program Files (x86)/Epic Games/UE_4.27/FeaturePacks/TP_TopDown.upack)
[2022.03.21-16.56.34:366][  0]LogPakFile: OnPakFileMounted2Time == 0.000037
[2022.03.21-16.56.34:366][  0]LogPakFile: PakFile PrimaryIndexSize=185
[2022.03.21-16.56.34:366][  0]LogPakFile: PakFile PathHashIndexSize=101
[2022.03.21-16.56.34:366][  0]LogPakFile: PakFile FullDirectoryIndexSize=144
[2022.03.21-16.56.34:366][  0]LogShaderLibrary: Display: ShaderCodeLibraryPakFileMountedCallback: PakFile 'C:/Program Files (x86)/Epic Games/UE_4.27/FeaturePacks/TP_TopDownBP.upack' (chunk index -1, root 'root:/') mounted
[2022.03.21-16.56.34:366][  0]LogShaderLibrary: Display: ShaderCodeLibraryPakFileMountedCallback: pending pak file info (ChunkID:-1 Root:root:/ File:C:/Program Files (x86)/Epic Games/UE_4.27/FeaturePacks/TP_TopDownBP.upack)
[2022.03.21-16.56.34:366][  0]LogPakFile: OnPakFileMounted2Time == 0.000031
[2022.03.21-16.56.34:367][  0]LogPakFile: PakFile PrimaryIndexSize=185
[2022.03.21-16.56.34:367][  0]LogPakFile: PakFile PathHashIndexSize=101
[2022.03.21-16.56.34:367][  0]LogPakFile: PakFile FullDirectoryIndexSize=144
[2022.03.21-16.56.34:367][  0]LogShaderLibrary: Display: ShaderCodeLibraryPakFileMountedCallback: PakFile 'C:/Program Files (x86)/Epic Games/UE_4.27/FeaturePacks/TP_TwinStick.upack' (chunk index -1, root 'root:/') mounted
[2022.03.21-16.56.34:367][  0]LogShaderLibrary: Display: ShaderCodeLibraryPakFileMountedCallback: pending pak file info (ChunkID:-1 Root:root:/ File:C:/Program Files (x86)/Epic Games/UE_4.27/FeaturePacks/TP_TwinStick.upack)
[2022.03.21-16.56.34:367][  0]LogPakFile: OnPakFileMounted2Time == 0.000033
[2022.03.21-16.56.34:367][  0]LogPakFile: PakFile PrimaryIndexSize=187
[2022.03.21-16.56.34:367][  0]LogPakFile: PakFile PathHashIndexSize=101
[2022.03.21-16.56.34:367][  0]LogPakFile: PakFile FullDirectoryIndexSize=148
[2022.03.21-16.56.34:367][  0]LogShaderLibrary: Display: ShaderCodeLibraryPakFileMountedCallback: PakFile 'C:/Program Files (x86)/Epic Games/UE_4.27/FeaturePacks/TP_TwinStickBP.upack' (chunk index -1, root 'root:/') mounted
[2022.03.21-16.56.34:367][  0]LogShaderLibrary: Display: ShaderCodeLibraryPakFileMountedCallback: pending pak file info (ChunkID:-1 Root:root:/ File:C:/Program Files (x86)/Epic Games/UE_4.27/FeaturePacks/TP_TwinStickBP.upack)
[2022.03.21-16.56.34:367][  0]LogPakFile: OnPakFileMounted2Time == 0.000033
[2022.03.21-16.56.34:368][  0]LogPakFile: PakFile PrimaryIndexSize=183
[2022.03.21-16.56.34:368][  0]LogPakFile: PakFile PathHashIndexSize=101
[2022.03.21-16.56.34:368][  0]LogPakFile: PakFile FullDirectoryIndexSize=140
[2022.03.21-16.56.34:368][  0]LogShaderLibrary: Display: ShaderCodeLibraryPakFileMountedCallback: PakFile 'C:/Program Files (x86)/Epic Games/UE_4.27/FeaturePacks/TP_Vehicle.upack' (chunk index -1, root 'root:/') mounted
[2022.03.21-16.56.34:368][  0]LogShaderLibrary: Display: ShaderCodeLibraryPakFileMountedCallback: pending pak file info (ChunkID:-1 Root:root:/ File:C:/Program Files (x86)/Epic Games/UE_4.27/FeaturePacks/TP_Vehicle.upack)
[2022.03.21-16.56.34:368][  0]LogPakFile: OnPakFileMounted2Time == 0.000031
[2022.03.21-16.56.34:368][  0]LogPakFile: PakFile PrimaryIndexSize=186
[2022.03.21-16.56.34:368][  0]LogPakFile: PakFile PathHashIndexSize=101
[2022.03.21-16.56.34:368][  0]LogPakFile: PakFile FullDirectoryIndexSize=146
[2022.03.21-16.56.34:368][  0]LogShaderLibrary: Display: ShaderCodeLibraryPakFileMountedCallback: PakFile 'C:/Program Files (x86)/Epic Games/UE_4.27/FeaturePacks/TP_VehicleAdv.upack' (chunk index -1, root 'root:/') mounted
[2022.03.21-16.56.34:368][  0]LogShaderLibrary: Display: ShaderCodeLibraryPakFileMountedCallback: pending pak file info (ChunkID:-1 Root:root:/ File:C:/Program Files (x86)/Epic Games/UE_4.27/FeaturePacks/TP_VehicleAdv.upack)
[2022.03.21-16.56.34:368][  0]LogPakFile: OnPakFileMounted2Time == 0.000033
[2022.03.21-16.56.34:369][  0]LogPakFile: PakFile PrimaryIndexSize=188
[2022.03.21-16.56.34:369][  0]LogPakFile: PakFile PathHashIndexSize=101
[2022.03.21-16.56.34:369][  0]LogPakFile: PakFile FullDirectoryIndexSize=150
[2022.03.21-16.56.34:369][  0]LogShaderLibrary: Display: ShaderCodeLibraryPakFileMountedCallback: PakFile 'C:/Program Files (x86)/Epic Games/UE_4.27/FeaturePacks/TP_VehicleAdvBP.upack' (chunk index -1, root 'root:/') mounted
[2022.03.21-16.56.34:369][  0]LogShaderLibrary: Display: ShaderCodeLibraryPakFileMountedCallback: pending pak file info (ChunkID:-1 Root:root:/ File:C:/Program Files (x86)/Epic Games/UE_4.27/FeaturePacks/TP_VehicleAdvBP.upack)
[2022.03.21-16.56.34:369][  0]LogPakFile: OnPakFileMounted2Time == 0.000031
[2022.03.21-16.56.34:369][  0]LogPakFile: PakFile PrimaryIndexSize=185
[2022.03.21-16.56.34:369][  0]LogPakFile: PakFile PathHashIndexSize=101
[2022.03.21-16.56.34:369][  0]LogPakFile: PakFile FullDirectoryIndexSize=144
[2022.03.21-16.56.34:370][  0]LogShaderLibrary: Display: ShaderCodeLibraryPakFileMountedCallback: PakFile 'C:/Program Files (x86)/Epic Games/UE_4.27/FeaturePacks/TP_VehicleBP.upack' (chunk index -1, root 'root:/') mounted
[2022.03.21-16.56.34:370][  0]LogShaderLibrary: Display: ShaderCodeLibraryPakFileMountedCallback: pending pak file info (ChunkID:-1 Root:root:/ File:C:/Program Files (x86)/Epic Games/UE_4.27/FeaturePacks/TP_VehicleBP.upack)
[2022.03.21-16.56.34:370][  0]LogPakFile: OnPakFileMounted2Time == 0.000031
[2022.03.21-16.56.34:370][  0]LogPakFile: PakFile PrimaryIndexSize=192
[2022.03.21-16.56.34:370][  0]LogPakFile: PakFile PathHashIndexSize=101
[2022.03.21-16.56.34:370][  0]LogPakFile: PakFile FullDirectoryIndexSize=158
[2022.03.21-16.56.34:370][  0]LogShaderLibrary: Display: ShaderCodeLibraryPakFileMountedCallback: PakFile 'C:/Program Files (x86)/Epic Games/UE_4.27/FeaturePacks/TP_VirtualRealityBP.upack' (chunk index -1, root 'root:/') mounted
[2022.03.21-16.56.34:370][  0]LogShaderLibrary: Display: ShaderCodeLibraryPakFileMountedCallback: pending pak file info (ChunkID:-1 Root:root:/ File:C:/Program Files (x86)/Epic Games/UE_4.27/FeaturePacks/TP_VirtualRealityBP.upack)
[2022.03.21-16.56.34:370][  0]LogPakFile: OnPakFileMounted2Time == 0.000037
[2022.03.21-16.56.34:418][  0]LogNativeClassHierarchy: Verbose: Native class hierarchy updated for 'AddContentDialog' in 0.0003 seconds. Added 0 classes and 0 folders.
[2022.03.21-16.56.34:419][  0]LogNativeClassHierarchy: Verbose: Native class hierarchy updated for 'SceneOutliner' in 0.0002 seconds. Added 2 classes and 0 folders.
[2022.03.21-16.56.34:573][  0]LogSlate: Took 0.000232 seconds to synchronously load lazily loaded font '../../../Engine/Content/Slate/Fonts/Roboto-Regular.ttf' (155K)
[2022.03.21-16.56.34:574][  0]LogSlate: Took 0.000125 seconds to synchronously load lazily loaded font '../../../Engine/Content/Editor/Slate/Fonts/FontAwesome.ttf' (139K)
[2022.03.21-16.56.34:575][  0]LogSlate: Took 0.000099 seconds to synchronously load lazily loaded font '../../../Engine/Content/Slate/Fonts/Roboto-Bold.ttf' (160K)
[2022.03.21-16.56.34:648][  0]LogRenderer: Reallocating scene render targets to support 840x456 Format 10 NumSamples 1 (Frame:1).
[2022.03.21-16.56.34:762][  0]LogNativeClassHierarchy: Verbose: Native class hierarchy updated for 'HierarchicalLODOutliner' in 0.0002 seconds. Added 0 classes and 0 folders.
[2022.03.21-16.56.34:762][  0]LogLoad: (Engine Initialization) Total time: 6.31 seconds
[2022.03.21-16.56.34:762][  0]LogLoad: (Engine Initialization) Total Blueprint compile time: 0.00 seconds
[2022.03.21-16.56.34:798][  0]LogAssetRegistry: Asset discovery search completed in 3.5745 seconds
[2022.03.21-16.56.34:803][  0]LogCollectionManager: Fixed up redirectors for 0 collections in 0.000004 seconds (updated 0 objects)
[2022.03.21-16.56.34:804][  0]LogContentStreaming: Texture pool size now 1000 MB
[2022.03.21-16.56.34:882][  6]LogSlate: Took 0.000087 seconds to synchronously load lazily loaded font '../../../Engine/Content/Slate/Fonts/Roboto-Light.ttf' (167K)
[2022.03.21-16.56.37:228][288]LogEditorViewport: Clicking on Actor (LMB): StaticMeshActor (Floor)
[2022.03.21-16.56.57:106][529]LogEditorViewport: Clicking on Actor (LMB): StaticMeshActor (Floor)
[2022.03.21-16.58.13:147][320]LogSlate: Window 'Message' being destroyed
[2022.03.21-16.58.13:150][320]Message dialog closed, result: Yes, title: Message, text: Level1 already exists. Do you want to replace it?
[2022.03.21-16.58.13:150][320]LogSlate: Window 'Save Level As' being destroyed
[2022.03.21-16.58.13:266][320]LogSlate: Took 0.000147 seconds to synchronously load lazily loaded font '../../../Engine/Content/Slate/Fonts/Roboto-Light.ttf' (167K)
[2022.03.21-16.58.13:303][320]Cmd: OBJ SAVEPACKAGE PACKAGE="/Game/Level1" FILE="../../../../../../Users/21010835/Documents/Unreal Projects/Drone/Content/Level1.umap" SILENT=true AUTOSAVING=false KEEPDIRTY=false
[2022.03.21-16.58.13:309][320]LogUObjectHash: Compacting FUObjectHashTables data took   0.66ms
[2022.03.21-16.58.13:317][320]LogSavePackage: Moving '../../../../../../Users/21010835/Documents/Unreal Projects/Drone/Saved/Level16492FA6E4B6D65D6DDC6238C776A393D.tmp' to '../../../../../../Users/21010835/Documents/Unreal Projects/Drone/Content/Level1.umap'
[2022.03.21-16.58.13:320][320]Cmd: OBJ SAVEPACKAGE PACKAGE="/Game/Level1_BuiltData" FILE="../../../../../../Users/21010835/Documents/Unreal Projects/Drone/Content/Level1_BuiltData.uasset" SILENT=true
[2022.03.21-16.58.13:332][320]LogSavePackage: Moving '../../../../../../Users/21010835/Documents/Unreal Projects/Drone/Saved/Level1_BuiltDataD60289F84DF7A2A0B75EF1B520B59CBD.tmp' to '../../../../../../Users/21010835/Documents/Unreal Projects/Drone/Content/Level1_BuiltData.uasset'
[2022.03.21-16.58.13:338][320]LogFileHelpers: Saving map 'Level1' took 0.185
[2022.03.21-16.58.13:341][320]AssetCheck: New page: Asset Save: multiple assets
[2022.03.21-16.58.13:341][320]LogContentValidation: Display: Validating MapBuildDataRegistry /Game/Level1_BuiltData.Level1_BuiltData
[2022.03.21-16.58.13:341][320]LogContentValidation: Display: Validating World /Game/Level1.Level1
